#
# A fatal error has been detected by the Java Runtime Environment:
#
#  EXCEPTION_ACCESS_VIOLATION (0xc0000005) at pc=0x00007ffc3c54dd42, pid=52132, tid=3920
#
# JRE version: OpenJDK Runtime Environment (15.0.2+7) (build 15.0.2+7-27)
# Java VM: OpenJDK 64-Bit Server VM (15.0.2+7-27, mixed mode, sharing, tiered, compressed oops, g1 gc, windows-amd64)
# Problematic frame:
# C  [nvoglv64.dll+0xb8dd42]
#
# No core dump will be written. Minidumps are not enabled by default on client versions of Windows
#
# If you would like to submit a bug report, please visit:
#   https://bugreport.java.com/bugreport/crash.jsp
# The crash happened outside the Java Virtual Machine in native code.
# See problematic frame for where to report the bug.
#

---------------  S U M M A R Y ------------

Command Line: -Dfile.encoding=windows-1252 -Duser.country=NL -Duser.language=nl -Duser.variant com.mygdx.game.desktop.DesktopLauncher

Host: Intel(R) Core(TM) i9-9900K CPU @ 3.60GHz, 16 cores, 31G,  Windows 10 , 64 bit Build 19041 (10.0.19041.804)
Time: Tue Apr 13 11:58:24 2021 West-Europa (zomertijd) elapsed time: 5.339322 seconds (0d 0h 0m 5s)

---------------  T H R E A D  ---------------

Current thread (0x00000282a5413c90):  JavaThread "LWJGL Application" [_thread_in_native, id=3920, stack(0x000000c2a1a90000,0x000000c2a1b90000)]

Stack: [0x000000c2a1a90000,0x000000c2a1b90000],  sp=0x000000c2a1b8e890,  free space=1018k
Native frames: (J=compiled Java code, j=interpreted, Vv=VM code, C=native code)
C  [nvoglv64.dll+0xb8dd42]

Java frames: (J=compiled Java code, j=interpreted, Vv=VM code)
J 1253  org.lwjgl.opengl.GL11.nglDrawElements(IIIJJ)V (0 bytes) @ 0x0000028287bf3f86 [0x0000028287bf3f20+0x0000000000000066]
J 1227 c1 org.lwjgl.opengl.GL11.glDrawElements(ILjava/nio/ShortBuffer;)V (38 bytes) @ 0x0000028280955974 [0x0000028280955160+0x0000000000000814]
J 1226 c1 com.badlogic.gdx.backends.lwjgl.LwjglGL20.glDrawElements(IIILjava/nio/Buffer;)V (124 bytes) @ 0x000002828095421c [0x0000028280953400+0x0000000000000e1c]
J 1250 c1 com.badlogic.gdx.graphics.Mesh.render(Lcom/badlogic/gdx/graphics/glutils/ShaderProgram;IIIZ)V (341 bytes) @ 0x00000282809682fc [0x0000028280967c80+0x000000000000067c]
J 1217 c1 com.badlogic.gdx.graphics.Mesh.render(Lcom/badlogic/gdx/graphics/glutils/ShaderProgram;III)V (14 bytes) @ 0x000002828094fab4 [0x000002828094fa40+0x0000000000000074]
J 1146 c1 com.badlogic.gdx.graphics.g2d.SpriteBatch.flush()V (193 bytes) @ 0x000002828093b26c [0x000002828093a420+0x0000000000000e4c]
J 1183 c1 com.badlogic.gdx.graphics.g2d.SpriteBatch.draw(Lcom/badlogic/gdx/graphics/Texture;[FII)V (165 bytes) @ 0x0000028280946ea4 [0x0000028280946d20+0x0000000000000184]
J 1245 c1 com.badlogic.gdx.graphics.g2d.BitmapFontCache.draw(Lcom/badlogic/gdx/graphics/g2d/Batch;)V (73 bytes) @ 0x0000028280962b2c [0x0000028280962700+0x000000000000042c]
j  com.badlogic.gdx.graphics.g2d.BitmapFont.draw(Lcom/badlogic/gdx/graphics/g2d/Batch;Ljava/lang/CharSequence;FF)Lcom/badlogic/gdx/graphics/g2d/GlyphLayout;+25
j  com.mygdx.game.MyGdxGame.render()V+95
j  com.badlogic.gdx.backends.lwjgl.LwjglApplication.mainLoop()V+776
j  com.badlogic.gdx.backends.lwjgl.LwjglApplication$1.run()V+27
v  ~StubRoutines::call_stub

siginfo: EXCEPTION_ACCESS_VIOLATION (0xc0000005), reading address 0x00000282ff8f6f3a


Register to memory mapping:

RIP=0x00007ffc3c54dd42 nvoglv64.dll
RAX=0x00000234427dd9a0 is an unknown value
RBX=0x00000282ff8f6f30 is an unknown value
RCX=0x0 is NULL
RDX=0x0000160a98ea8047 is an unknown value
RSP=0x000000c2a1b8e890 is pointing into the stack for thread: 0x00000282a5413c90
RBP=0x00000282a6866080 points into unknown readable memory: 0x0000000000000000 | 00 00 00 00 00 00 00 00
RSI=0x0000000000000006 is an unknown value
RDI=0x0000000000000001 is an unknown value
R8 =0x0000000000000362 is an unknown value
R9 =0x0 is NULL
R10=0x00000000546c6148 is an unknown value
R11=0x00000fc95836dacb is an unknown value
R12=0x0000000000001403 is an unknown value
R13=0x0000000000001403 is an unknown value
R14=0x000000c2a1b8ea38 is pointing into the stack for thread: 0x00000282a5413c90
R15=0x00000282ff8f6f30 is an unknown value


Registers:
RAX=0x00000234427dd9a0, RBX=0x00000282ff8f6f30, RCX=0x0000000000000000, RDX=0x0000160a98ea8047
RSP=0x000000c2a1b8e890, RBP=0x00000282a6866080, RSI=0x0000000000000006, RDI=0x0000000000000001
R8 =0x0000000000000362, R9 =0x0000000000000000, R10=0x00000000546c6148, R11=0x00000fc95836dacb
R12=0x0000000000001403, R13=0x0000000000001403, R14=0x000000c2a1b8ea38, R15=0x00000282ff8f6f30
RIP=0x00007ffc3c54dd42, EFLAGS=0x0000000000010246

Top of Stack: (sp=0x000000c2a1b8e890)
0x000000c2a1b8e890:   000000000000000c 00007ffc425426d5
0x000000c2a1b8e8a0:   000000c2a1b8e919 000000c2a1b8ea10
0x000000c2a1b8e8b0:   0000000800bb1840 00007ffc426c70ca
0x000000c2a1b8e8c0:   0000000800bb1840 00000282a5427001
0x000000c2a1b8e8d0:   00000282a5413c90 00007ffc42235684
0x000000c2a1b8e8e0:   00000282fe228c90 0000000620791c90
0x000000c2a1b8e8f0:   0000000200000002 00000282ff8f6f30
0x000000c2a1b8e900:   000000c2a1b8ea38 0000000000001403
0x000000c2a1b8e910:   00000282a6866080 0000000000000004
0x000000c2a1b8e920:   0000000000000006 000000c2a1b8ea50
0x000000c2a1b8e930:   0000000000000000 00007ffc3c1ad246
0x000000c2a1b8e940:   00000282a6866ed8 0000028200000004
0x000000c2a1b8e950:   0000000600000000 0000000000000000
0x000000c2a1b8e960:   000000000000000c 00007ffc00001403
0x000000c2a1b8e970:   00000282ff8f6f30 0000028200000000
0x000000c2a1b8e980:   00000282fe743000 00000000000000b8 

Instructions: (pc=0x00007ffc3c54dd42)
0x00007ffc3c54dc42:   e1 03 48 89 94 24 b0 00 00 00 d3 e3 44 8b 52 14
0x00007ffc3c54dc52:   8b 42 18 41 f7 d2 44 23 52 0c 41 0b c2 89 9c 24
0x00007ffc3c54dc62:   d0 00 00 00 f7 d0 23 42 10 80 7a 1e 00 0f 85 db
0x00007ffc3c54dc72:   08 00 00 80 bd dc ec 55 00 00 0f 85 ce 08 00 00
0x00007ffc3c54dc82:   85 f6 0f 8e c6 08 00 00 3b 9d e8 ee 55 00 0f 8f
0x00007ffc3c54dc92:   ba 08 00 00 83 7a 08 00 0f 85 b0 08 00 00 80 7a
0x00007ffc3c54dca2:   1d 00 0f 85 a6 08 00 00 80 7a 1c 00 0f 85 9c 08
0x00007ffc3c54dcb2:   00 00 80 bd e5 38 55 00 00 0f 85 8f 08 00 00 80
0x00007ffc3c54dcc2:   bd ec 38 55 00 00 0f 85 82 08 00 00 a9 00 00 03
0x00007ffc3c54dcd2:   00 0f 85 77 08 00 00 44 0b d0 44 85 52 20 0f 85
0x00007ffc3c54dce2:   6a 08 00 00 48 89 bc 24 80 00 00 00 48 8d 8d 40
0x00007ffc3c54dcf2:   f0 55 00 4c 89 6c 24 78 bf 01 00 00 00 8b d7 4c
0x00007ffc3c54dd02:   89 74 24 70 4c 89 7c 24 68 e8 00 22 e7 ff 48 8b
0x00007ffc3c54dd12:   9c 24 e0 00 00 00 41 81 fc 05 14 00 00 75 18 8b
0x00007ffc3c54dd22:   44 b3 fc 4c 8d 6e ff 8b 0b 44 8b f0 3b c8 44 0f
0x00007ffc3c54dd32:   47 f1 0f 42 c1 eb 5c 41 81 fc 03 14 00 00 75 23
0x00007ffc3c54dd42:   0f b7 4c 73 fe 4c 8d 6e ff 0f b7 13 0f b7 c1 66
0x00007ffc3c54dd52:   3b d1 66 0f 47 c2 66 0f 42 ca 44 0f b7 f0 0f b7
0x00007ffc3c54dd62:   c1 eb 30 41 81 fc 01 14 00 00 0f 85 95 07 00 00
0x00007ffc3c54dd72:   0f b6 54 33 ff 4c 8d 6e ff 44 0f b6 03 8b ca 44
0x00007ffc3c54dd82:   3a c2 41 0f 47 c8 44 0f b6 f1 8b ca 41 0f 42 c8
0x00007ffc3c54dd92:   0f b6 c1 48 8b 8c 24 b0 00 00 00 44 8d 7e ff 44
0x00007ffc3c54dda2:   2b f0 e8 37 0c 00 00 48 8b 84 24 b0 00 00 00 44
0x00007ffc3c54ddb2:   8b 50 78 41 8b c2 41 0f af c6 44 89 94 24 d8 00
0x00007ffc3c54ddc2:   00 00 3b 85 ec ee 55 00 0f 8f 37 07 00 00 0f 29
0x00007ffc3c54ddd2:   74 24 50 41 81 fc 05 14 00 00 0f 85 15 01 00 00
0x00007ffc3c54dde2:   44 8b 0b 45 8b f1 48 8d 53 04 3b f7 0f 8e 8d 03
0x00007ffc3c54ddf2:   00 00 41 83 ff 08 0f 82 be 00 00 00 83 3d 5b 28
0x00007ffc3c54de02:   bd 01 02 0f 8c b1 00 00 00 41 81 e7 07 00 00 80
0x00007ffc3c54de12:   7d 0a 41 ff cf 41 83 cf f8 41 ff c7 66 41 0f 6e
0x00007ffc3c54de22:   c9 8b c6 66 0f 70 c9 00 41 2b c7 66 0f 6f d9 66
0x00007ffc3c54de32:   0f 6f e1 66 0f 6f d1 0f 1f 80 00 00 00 00 f3 0f 


Stack slot to memory mapping:
stack at sp + 0 slots: 0x000000000000000c is an unknown value
stack at sp + 1 slots: 0x00007ffc425426d5 jvm.dll
stack at sp + 2 slots: 0x000000c2a1b8e919 is pointing into the stack for thread: 0x00000282a5413c90
stack at sp + 3 slots: 0x000000c2a1b8ea10 is pointing into the stack for thread: 0x00000282a5413c90
stack at sp + 4 slots: 0x0000000800bb1840 is a pointer to class: 
com.badlogic.gdx.utils.Array {0x0000000800bb1848}
stack at sp + 5 slots: 0x00007ffc426c70ca jvm.dll
stack at sp + 6 slots: 0x0000000800bb1840 is a pointer to class: 
com.badlogic.gdx.utils.Array {0x0000000800bb1848}
stack at sp + 7 slots: 0x00000282a5427001 points into unknown readable memory: 65 20 6f 66 20 75 6e


---------------  P R O C E S S  ---------------

Threads class SMR info:
_java_thread_list=0x00000282a5b4a850, length=17, elements={
0x00000282fd549ac0, 0x00000282fd54a5a0, 0x00000282fd56a770, 0x00000282fd56d140,
0x00000282fd56db00, 0x00000282fd575dd0, 0x00000282fd57afe0, 0x00000282fd57e3d0,
0x00000282fd578c70, 0x00000282fd578760, 0x00000282fe7f7c20, 0x00000282fe7f9410,
0x00000282febdef10, 0x00000282fec07e50, 0x00000282a5413c90, 0x00000282ef2a5280,
0x00000282a5ab0520
}

Java Threads: ( => current thread )
  0x00000282fd549ac0 JavaThread "Reference Handler" daemon [_thread_blocked, id=42608, stack(0x000000c2a0800000,0x000000c2a0900000)]
  0x00000282fd54a5a0 JavaThread "Finalizer" daemon [_thread_blocked, id=41604, stack(0x000000c2a0900000,0x000000c2a0a00000)]
  0x00000282fd56a770 JavaThread "Signal Dispatcher" daemon [_thread_blocked, id=16048, stack(0x000000c2a0a00000,0x000000c2a0b00000)]
  0x00000282fd56d140 JavaThread "Attach Listener" daemon [_thread_blocked, id=7820, stack(0x000000c2a0b00000,0x000000c2a0c00000)]
  0x00000282fd56db00 JavaThread "Service Thread" daemon [_thread_blocked, id=55340, stack(0x000000c2a0c00000,0x000000c2a0d00000)]
  0x00000282fd575dd0 JavaThread "C2 CompilerThread0" daemon [_thread_blocked, id=33796, stack(0x000000c2a0d00000,0x000000c2a0e00000)]
  0x00000282fd57afe0 JavaThread "C1 CompilerThread0" daemon [_thread_blocked, id=27100, stack(0x000000c2a0e00000,0x000000c2a0f00000)]
  0x00000282fd57e3d0 JavaThread "Sweeper thread" daemon [_thread_blocked, id=32884, stack(0x000000c2a0f00000,0x000000c2a1000000)]
  0x00000282fd578c70 JavaThread "C1 CompilerThread1" daemon [_thread_blocked, id=47644, stack(0x000000c2a1000000,0x000000c2a1100000)]
  0x00000282fd578760 JavaThread "C1 CompilerThread2" daemon [_thread_blocked, id=34960, stack(0x000000c2a1100000,0x000000c2a1200000)]
  0x00000282fe7f7c20 JavaThread "Notification Thread" daemon [_thread_blocked, id=1084, stack(0x000000c2a1200000,0x000000c2a1300000)]
  0x00000282fe7f9410 JavaThread "Common-Cleaner" daemon [_thread_blocked, id=20888, stack(0x000000c2a1400000,0x000000c2a1500000)]
  0x00000282febdef10 JavaThread "Java2D Disposer" daemon [_thread_blocked, id=47228, stack(0x000000c2a1500000,0x000000c2a1600000)]
  0x00000282fec07e50 JavaThread "AWT-Windows" daemon [_thread_in_native, id=17708, stack(0x000000c2a1700000,0x000000c2a1800000)]
=>0x00000282a5413c90 JavaThread "LWJGL Application" [_thread_in_native, id=3920, stack(0x000000c2a1a90000,0x000000c2a1b90000)]
  0x00000282ef2a5280 JavaThread "DestroyJavaVM" [_thread_blocked, id=56640, stack(0x000000c2a0100000,0x000000c2a0200000)]
  0x00000282a5ab0520 JavaThread "LWJGL Timer" daemon [_thread_blocked, id=44080, stack(0x000000c2a2390000,0x000000c2a2490000)]

Other Threads:
  0x00000282fd546320 VMThread "VM Thread" [stack: 0x000000c2a0700000,0x000000c2a0800000] [id=43060]
  0x00000282fe7f9100 WatcherThread [stack: 0x000000c2a1300000,0x000000c2a1400000] [id=7896]
  0x00000282ef31e000 GCTaskThread "GC Thread#0" [stack: 0x000000c2a0200000,0x000000c2a0300000] [id=33840]
  0x00000282ef331000 ConcurrentGCThread "G1 Main Marker" [stack: 0x000000c2a0300000,0x000000c2a0400000] [id=41504]
  0x00000282ef3322a0 ConcurrentGCThread "G1 Conc#0" [stack: 0x000000c2a0400000,0x000000c2a0500000] [id=55660]
  0x00000282ef375e30 ConcurrentGCThread "G1 Refine#0" [stack: 0x000000c2a0500000,0x000000c2a0600000] [id=55908]
  0x00000282ef376940 ConcurrentGCThread "G1 Young RemSet Sampling" [stack: 0x000000c2a0600000,0x000000c2a0700000] [id=25060]

Threads with active compile tasks:

VM state: not at safepoint (normal execution)

VM Mutex/Monitor currently owned by a thread: None

Heap address: 0x0000000601000000, size: 8176 MB, Compressed Oops mode: Zero based, Oop shift amount: 3
CDS archive(s) mapped at: [0x0000000800000000-0x0000000800b50000-0x0000000800b50000), size 11862016, SharedBaseAddress: 0x0000000800000000, ArchiveRelocationMode: 0.
Compressed class space mapped at: 0x0000000800b50000-0x0000000840b50000, size: 1073741824
Narrow klass base: 0x0000000800000000, Narrow klass shift: 3, Narrow klass range: 0x100000000

GC Precious Log:
 CPUs: 16 total, 16 available
 Memory: 32699M
 Large Page Support: Disabled
 NUMA Support: Disabled
 Compressed Oops: Enabled (Zero based)
 Heap Region Size: 4M
 Heap Min Capacity: 8M
 Heap Initial Capacity: 512M
 Heap Max Capacity: 8176M
 Pre-touch: Disabled
 Parallel Workers: 13
 Concurrent Workers: 3
 Concurrent Refinement Workers: 13
 Periodic GC: Disabled

Heap:
 garbage-first heap   total 524288K, used 20480K [0x0000000601000000, 0x0000000800000000)
  region size 4096K, 5 young (20480K), 0 survivors (0K)
 Metaspace       used 7705K, capacity 8554K, committed 8704K, reserved 1056768K
  class space    used 632K, capacity 747K, committed 768K, reserved 1048576K

Heap Regions: E=young(eden), S=young(survivor), O=old, HS=humongous(starts), HC=humongous(continues), CS=collection set, F=free, OA=open archive, CA=closed archive, TAMS=top-at-mark-start (previous, next)
|   0|0x0000000601000000, 0x0000000601400000, 0x0000000601400000|100%|HS|  |TAMS 0x0000000601000000, 0x0000000601000000| Complete 
|   1|0x0000000601400000, 0x0000000601400000, 0x0000000601800000|  0%| F|  |TAMS 0x0000000601400000, 0x0000000601400000| Untracked 
|   2|0x0000000601800000, 0x0000000601800000, 0x0000000601c00000|  0%| F|  |TAMS 0x0000000601800000, 0x0000000601800000| Untracked 
|   3|0x0000000601c00000, 0x0000000601c00000, 0x0000000602000000|  0%| F|  |TAMS 0x0000000601c00000, 0x0000000601c00000| Untracked 
|   4|0x0000000602000000, 0x0000000602000000, 0x0000000602400000|  0%| F|  |TAMS 0x0000000602000000, 0x0000000602000000| Untracked 
|   5|0x0000000602400000, 0x0000000602400000, 0x0000000602800000|  0%| F|  |TAMS 0x0000000602400000, 0x0000000602400000| Untracked 
|   6|0x0000000602800000, 0x0000000602800000, 0x0000000602c00000|  0%| F|  |TAMS 0x0000000602800000, 0x0000000602800000| Untracked 
|   7|0x0000000602c00000, 0x0000000602c00000, 0x0000000603000000|  0%| F|  |TAMS 0x0000000602c00000, 0x0000000602c00000| Untracked 
|   8|0x0000000603000000, 0x0000000603000000, 0x0000000603400000|  0%| F|  |TAMS 0x0000000603000000, 0x0000000603000000| Untracked 
|   9|0x0000000603400000, 0x0000000603400000, 0x0000000603800000|  0%| F|  |TAMS 0x0000000603400000, 0x0000000603400000| Untracked 
|  10|0x0000000603800000, 0x0000000603800000, 0x0000000603c00000|  0%| F|  |TAMS 0x0000000603800000, 0x0000000603800000| Untracked 
|  11|0x0000000603c00000, 0x0000000603c00000, 0x0000000604000000|  0%| F|  |TAMS 0x0000000603c00000, 0x0000000603c00000| Untracked 
|  12|0x0000000604000000, 0x0000000604000000, 0x0000000604400000|  0%| F|  |TAMS 0x0000000604000000, 0x0000000604000000| Untracked 
|  13|0x0000000604400000, 0x0000000604400000, 0x0000000604800000|  0%| F|  |TAMS 0x0000000604400000, 0x0000000604400000| Untracked 
|  14|0x0000000604800000, 0x0000000604800000, 0x0000000604c00000|  0%| F|  |TAMS 0x0000000604800000, 0x0000000604800000| Untracked 
|  15|0x0000000604c00000, 0x0000000604c00000, 0x0000000605000000|  0%| F|  |TAMS 0x0000000604c00000, 0x0000000604c00000| Untracked 
|  16|0x0000000605000000, 0x0000000605000000, 0x0000000605400000|  0%| F|  |TAMS 0x0000000605000000, 0x0000000605000000| Untracked 
|  17|0x0000000605400000, 0x0000000605400000, 0x0000000605800000|  0%| F|  |TAMS 0x0000000605400000, 0x0000000605400000| Untracked 
|  18|0x0000000605800000, 0x0000000605800000, 0x0000000605c00000|  0%| F|  |TAMS 0x0000000605800000, 0x0000000605800000| Untracked 
|  19|0x0000000605c00000, 0x0000000605c00000, 0x0000000606000000|  0%| F|  |TAMS 0x0000000605c00000, 0x0000000605c00000| Untracked 
|  20|0x0000000606000000, 0x0000000606000000, 0x0000000606400000|  0%| F|  |TAMS 0x0000000606000000, 0x0000000606000000| Untracked 
|  21|0x0000000606400000, 0x0000000606400000, 0x0000000606800000|  0%| F|  |TAMS 0x0000000606400000, 0x0000000606400000| Untracked 
|  22|0x0000000606800000, 0x0000000606800000, 0x0000000606c00000|  0%| F|  |TAMS 0x0000000606800000, 0x0000000606800000| Untracked 
|  23|0x0000000606c00000, 0x0000000606c00000, 0x0000000607000000|  0%| F|  |TAMS 0x0000000606c00000, 0x0000000606c00000| Untracked 
|  24|0x0000000607000000, 0x0000000607000000, 0x0000000607400000|  0%| F|  |TAMS 0x0000000607000000, 0x0000000607000000| Untracked 
|  25|0x0000000607400000, 0x0000000607400000, 0x0000000607800000|  0%| F|  |TAMS 0x0000000607400000, 0x0000000607400000| Untracked 
|  26|0x0000000607800000, 0x0000000607800000, 0x0000000607c00000|  0%| F|  |TAMS 0x0000000607800000, 0x0000000607800000| Untracked 
|  27|0x0000000607c00000, 0x0000000607c00000, 0x0000000608000000|  0%| F|  |TAMS 0x0000000607c00000, 0x0000000607c00000| Untracked 
|  28|0x0000000608000000, 0x0000000608000000, 0x0000000608400000|  0%| F|  |TAMS 0x0000000608000000, 0x0000000608000000| Untracked 
|  29|0x0000000608400000, 0x0000000608400000, 0x0000000608800000|  0%| F|  |TAMS 0x0000000608400000, 0x0000000608400000| Untracked 
|  30|0x0000000608800000, 0x0000000608800000, 0x0000000608c00000|  0%| F|  |TAMS 0x0000000608800000, 0x0000000608800000| Untracked 
|  31|0x0000000608c00000, 0x0000000608c00000, 0x0000000609000000|  0%| F|  |TAMS 0x0000000608c00000, 0x0000000608c00000| Untracked 
|  32|0x0000000609000000, 0x0000000609000000, 0x0000000609400000|  0%| F|  |TAMS 0x0000000609000000, 0x0000000609000000| Untracked 
|  33|0x0000000609400000, 0x0000000609400000, 0x0000000609800000|  0%| F|  |TAMS 0x0000000609400000, 0x0000000609400000| Untracked 
|  34|0x0000000609800000, 0x0000000609800000, 0x0000000609c00000|  0%| F|  |TAMS 0x0000000609800000, 0x0000000609800000| Untracked 
|  35|0x0000000609c00000, 0x0000000609c00000, 0x000000060a000000|  0%| F|  |TAMS 0x0000000609c00000, 0x0000000609c00000| Untracked 
|  36|0x000000060a000000, 0x000000060a000000, 0x000000060a400000|  0%| F|  |TAMS 0x000000060a000000, 0x000000060a000000| Untracked 
|  37|0x000000060a400000, 0x000000060a400000, 0x000000060a800000|  0%| F|  |TAMS 0x000000060a400000, 0x000000060a400000| Untracked 
|  38|0x000000060a800000, 0x000000060a800000, 0x000000060ac00000|  0%| F|  |TAMS 0x000000060a800000, 0x000000060a800000| Untracked 
|  39|0x000000060ac00000, 0x000000060ac00000, 0x000000060b000000|  0%| F|  |TAMS 0x000000060ac00000, 0x000000060ac00000| Untracked 
|  40|0x000000060b000000, 0x000000060b000000, 0x000000060b400000|  0%| F|  |TAMS 0x000000060b000000, 0x000000060b000000| Untracked 
|  41|0x000000060b400000, 0x000000060b400000, 0x000000060b800000|  0%| F|  |TAMS 0x000000060b400000, 0x000000060b400000| Untracked 
|  42|0x000000060b800000, 0x000000060b800000, 0x000000060bc00000|  0%| F|  |TAMS 0x000000060b800000, 0x000000060b800000| Untracked 
|  43|0x000000060bc00000, 0x000000060bc00000, 0x000000060c000000|  0%| F|  |TAMS 0x000000060bc00000, 0x000000060bc00000| Untracked 
|  44|0x000000060c000000, 0x000000060c000000, 0x000000060c400000|  0%| F|  |TAMS 0x000000060c000000, 0x000000060c000000| Untracked 
|  45|0x000000060c400000, 0x000000060c400000, 0x000000060c800000|  0%| F|  |TAMS 0x000000060c400000, 0x000000060c400000| Untracked 
|  46|0x000000060c800000, 0x000000060c800000, 0x000000060cc00000|  0%| F|  |TAMS 0x000000060c800000, 0x000000060c800000| Untracked 
|  47|0x000000060cc00000, 0x000000060cc00000, 0x000000060d000000|  0%| F|  |TAMS 0x000000060cc00000, 0x000000060cc00000| Untracked 
|  48|0x000000060d000000, 0x000000060d000000, 0x000000060d400000|  0%| F|  |TAMS 0x000000060d000000, 0x000000060d000000| Untracked 
|  49|0x000000060d400000, 0x000000060d400000, 0x000000060d800000|  0%| F|  |TAMS 0x000000060d400000, 0x000000060d400000| Untracked 
|  50|0x000000060d800000, 0x000000060d800000, 0x000000060dc00000|  0%| F|  |TAMS 0x000000060d800000, 0x000000060d800000| Untracked 
|  51|0x000000060dc00000, 0x000000060dc00000, 0x000000060e000000|  0%| F|  |TAMS 0x000000060dc00000, 0x000000060dc00000| Untracked 
|  52|0x000000060e000000, 0x000000060e000000, 0x000000060e400000|  0%| F|  |TAMS 0x000000060e000000, 0x000000060e000000| Untracked 
|  53|0x000000060e400000, 0x000000060e400000, 0x000000060e800000|  0%| F|  |TAMS 0x000000060e400000, 0x000000060e400000| Untracked 
|  54|0x000000060e800000, 0x000000060e800000, 0x000000060ec00000|  0%| F|  |TAMS 0x000000060e800000, 0x000000060e800000| Untracked 
|  55|0x000000060ec00000, 0x000000060ec00000, 0x000000060f000000|  0%| F|  |TAMS 0x000000060ec00000, 0x000000060ec00000| Untracked 
|  56|0x000000060f000000, 0x000000060f000000, 0x000000060f400000|  0%| F|  |TAMS 0x000000060f000000, 0x000000060f000000| Untracked 
|  57|0x000000060f400000, 0x000000060f400000, 0x000000060f800000|  0%| F|  |TAMS 0x000000060f400000, 0x000000060f400000| Untracked 
|  58|0x000000060f800000, 0x000000060f800000, 0x000000060fc00000|  0%| F|  |TAMS 0x000000060f800000, 0x000000060f800000| Untracked 
|  59|0x000000060fc00000, 0x000000060fc00000, 0x0000000610000000|  0%| F|  |TAMS 0x000000060fc00000, 0x000000060fc00000| Untracked 
|  60|0x0000000610000000, 0x0000000610000000, 0x0000000610400000|  0%| F|  |TAMS 0x0000000610000000, 0x0000000610000000| Untracked 
|  61|0x0000000610400000, 0x0000000610400000, 0x0000000610800000|  0%| F|  |TAMS 0x0000000610400000, 0x0000000610400000| Untracked 
|  62|0x0000000610800000, 0x0000000610800000, 0x0000000610c00000|  0%| F|  |TAMS 0x0000000610800000, 0x0000000610800000| Untracked 
|  63|0x0000000610c00000, 0x0000000610c00000, 0x0000000611000000|  0%| F|  |TAMS 0x0000000610c00000, 0x0000000610c00000| Untracked 
|  64|0x0000000611000000, 0x0000000611000000, 0x0000000611400000|  0%| F|  |TAMS 0x0000000611000000, 0x0000000611000000| Untracked 
|  65|0x0000000611400000, 0x0000000611400000, 0x0000000611800000|  0%| F|  |TAMS 0x0000000611400000, 0x0000000611400000| Untracked 
|  66|0x0000000611800000, 0x0000000611800000, 0x0000000611c00000|  0%| F|  |TAMS 0x0000000611800000, 0x0000000611800000| Untracked 
|  67|0x0000000611c00000, 0x0000000611c00000, 0x0000000612000000|  0%| F|  |TAMS 0x0000000611c00000, 0x0000000611c00000| Untracked 
|  68|0x0000000612000000, 0x0000000612000000, 0x0000000612400000|  0%| F|  |TAMS 0x0000000612000000, 0x0000000612000000| Untracked 
|  69|0x0000000612400000, 0x0000000612400000, 0x0000000612800000|  0%| F|  |TAMS 0x0000000612400000, 0x0000000612400000| Untracked 
|  70|0x0000000612800000, 0x0000000612800000, 0x0000000612c00000|  0%| F|  |TAMS 0x0000000612800000, 0x0000000612800000| Untracked 
|  71|0x0000000612c00000, 0x0000000612c00000, 0x0000000613000000|  0%| F|  |TAMS 0x0000000612c00000, 0x0000000612c00000| Untracked 
|  72|0x0000000613000000, 0x0000000613000000, 0x0000000613400000|  0%| F|  |TAMS 0x0000000613000000, 0x0000000613000000| Untracked 
|  73|0x0000000613400000, 0x0000000613400000, 0x0000000613800000|  0%| F|  |TAMS 0x0000000613400000, 0x0000000613400000| Untracked 
|  74|0x0000000613800000, 0x0000000613800000, 0x0000000613c00000|  0%| F|  |TAMS 0x0000000613800000, 0x0000000613800000| Untracked 
|  75|0x0000000613c00000, 0x0000000613c00000, 0x0000000614000000|  0%| F|  |TAMS 0x0000000613c00000, 0x0000000613c00000| Untracked 
|  76|0x0000000614000000, 0x0000000614000000, 0x0000000614400000|  0%| F|  |TAMS 0x0000000614000000, 0x0000000614000000| Untracked 
|  77|0x0000000614400000, 0x0000000614400000, 0x0000000614800000|  0%| F|  |TAMS 0x0000000614400000, 0x0000000614400000| Untracked 
|  78|0x0000000614800000, 0x0000000614800000, 0x0000000614c00000|  0%| F|  |TAMS 0x0000000614800000, 0x0000000614800000| Untracked 
|  79|0x0000000614c00000, 0x0000000614c00000, 0x0000000615000000|  0%| F|  |TAMS 0x0000000614c00000, 0x0000000614c00000| Untracked 
|  80|0x0000000615000000, 0x0000000615000000, 0x0000000615400000|  0%| F|  |TAMS 0x0000000615000000, 0x0000000615000000| Untracked 
|  81|0x0000000615400000, 0x0000000615400000, 0x0000000615800000|  0%| F|  |TAMS 0x0000000615400000, 0x0000000615400000| Untracked 
|  82|0x0000000615800000, 0x0000000615800000, 0x0000000615c00000|  0%| F|  |TAMS 0x0000000615800000, 0x0000000615800000| Untracked 
|  83|0x0000000615c00000, 0x0000000615c00000, 0x0000000616000000|  0%| F|  |TAMS 0x0000000615c00000, 0x0000000615c00000| Untracked 
|  84|0x0000000616000000, 0x0000000616000000, 0x0000000616400000|  0%| F|  |TAMS 0x0000000616000000, 0x0000000616000000| Untracked 
|  85|0x0000000616400000, 0x0000000616400000, 0x0000000616800000|  0%| F|  |TAMS 0x0000000616400000, 0x0000000616400000| Untracked 
|  86|0x0000000616800000, 0x0000000616800000, 0x0000000616c00000|  0%| F|  |TAMS 0x0000000616800000, 0x0000000616800000| Untracked 
|  87|0x0000000616c00000, 0x0000000616c00000, 0x0000000617000000|  0%| F|  |TAMS 0x0000000616c00000, 0x0000000616c00000| Untracked 
|  88|0x0000000617000000, 0x0000000617000000, 0x0000000617400000|  0%| F|  |TAMS 0x0000000617000000, 0x0000000617000000| Untracked 
|  89|0x0000000617400000, 0x0000000617400000, 0x0000000617800000|  0%| F|  |TAMS 0x0000000617400000, 0x0000000617400000| Untracked 
|  90|0x0000000617800000, 0x0000000617800000, 0x0000000617c00000|  0%| F|  |TAMS 0x0000000617800000, 0x0000000617800000| Untracked 
|  91|0x0000000617c00000, 0x0000000617c00000, 0x0000000618000000|  0%| F|  |TAMS 0x0000000617c00000, 0x0000000617c00000| Untracked 
|  92|0x0000000618000000, 0x0000000618000000, 0x0000000618400000|  0%| F|  |TAMS 0x0000000618000000, 0x0000000618000000| Untracked 
|  93|0x0000000618400000, 0x0000000618400000, 0x0000000618800000|  0%| F|  |TAMS 0x0000000618400000, 0x0000000618400000| Untracked 
|  94|0x0000000618800000, 0x0000000618800000, 0x0000000618c00000|  0%| F|  |TAMS 0x0000000618800000, 0x0000000618800000| Untracked 
|  95|0x0000000618c00000, 0x0000000618c00000, 0x0000000619000000|  0%| F|  |TAMS 0x0000000618c00000, 0x0000000618c00000| Untracked 
|  96|0x0000000619000000, 0x0000000619000000, 0x0000000619400000|  0%| F|  |TAMS 0x0000000619000000, 0x0000000619000000| Untracked 
|  97|0x0000000619400000, 0x0000000619400000, 0x0000000619800000|  0%| F|  |TAMS 0x0000000619400000, 0x0000000619400000| Untracked 
|  98|0x0000000619800000, 0x0000000619800000, 0x0000000619c00000|  0%| F|  |TAMS 0x0000000619800000, 0x0000000619800000| Untracked 
|  99|0x0000000619c00000, 0x0000000619c00000, 0x000000061a000000|  0%| F|  |TAMS 0x0000000619c00000, 0x0000000619c00000| Untracked 
| 100|0x000000061a000000, 0x000000061a000000, 0x000000061a400000|  0%| F|  |TAMS 0x000000061a000000, 0x000000061a000000| Untracked 
| 101|0x000000061a400000, 0x000000061a400000, 0x000000061a800000|  0%| F|  |TAMS 0x000000061a400000, 0x000000061a400000| Untracked 
| 102|0x000000061a800000, 0x000000061a800000, 0x000000061ac00000|  0%| F|  |TAMS 0x000000061a800000, 0x000000061a800000| Untracked 
| 103|0x000000061ac00000, 0x000000061ac00000, 0x000000061b000000|  0%| F|  |TAMS 0x000000061ac00000, 0x000000061ac00000| Untracked 
| 104|0x000000061b000000, 0x000000061b000000, 0x000000061b400000|  0%| F|  |TAMS 0x000000061b000000, 0x000000061b000000| Untracked 
| 105|0x000000061b400000, 0x000000061b400000, 0x000000061b800000|  0%| F|  |TAMS 0x000000061b400000, 0x000000061b400000| Untracked 
| 106|0x000000061b800000, 0x000000061b800000, 0x000000061bc00000|  0%| F|  |TAMS 0x000000061b800000, 0x000000061b800000| Untracked 
| 107|0x000000061bc00000, 0x000000061bc00000, 0x000000061c000000|  0%| F|  |TAMS 0x000000061bc00000, 0x000000061bc00000| Untracked 
| 108|0x000000061c000000, 0x000000061c000000, 0x000000061c400000|  0%| F|  |TAMS 0x000000061c000000, 0x000000061c000000| Untracked 
| 109|0x000000061c400000, 0x000000061c400000, 0x000000061c800000|  0%| F|  |TAMS 0x000000061c400000, 0x000000061c400000| Untracked 
| 110|0x000000061c800000, 0x000000061c800000, 0x000000061cc00000|  0%| F|  |TAMS 0x000000061c800000, 0x000000061c800000| Untracked 
| 111|0x000000061cc00000, 0x000000061cc00000, 0x000000061d000000|  0%| F|  |TAMS 0x000000061cc00000, 0x000000061cc00000| Untracked 
| 112|0x000000061d000000, 0x000000061d000000, 0x000000061d400000|  0%| F|  |TAMS 0x000000061d000000, 0x000000061d000000| Untracked 
| 113|0x000000061d400000, 0x000000061d400000, 0x000000061d800000|  0%| F|  |TAMS 0x000000061d400000, 0x000000061d400000| Untracked 
| 114|0x000000061d800000, 0x000000061d800000, 0x000000061dc00000|  0%| F|  |TAMS 0x000000061d800000, 0x000000061d800000| Untracked 
| 115|0x000000061dc00000, 0x000000061dc00000, 0x000000061e000000|  0%| F|  |TAMS 0x000000061dc00000, 0x000000061dc00000| Untracked 
| 116|0x000000061e000000, 0x000000061e000000, 0x000000061e400000|  0%| F|  |TAMS 0x000000061e000000, 0x000000061e000000| Untracked 
| 117|0x000000061e400000, 0x000000061e400000, 0x000000061e800000|  0%| F|  |TAMS 0x000000061e400000, 0x000000061e400000| Untracked 
| 118|0x000000061e800000, 0x000000061e800000, 0x000000061ec00000|  0%| F|  |TAMS 0x000000061e800000, 0x000000061e800000| Untracked 
| 119|0x000000061ec00000, 0x000000061ec00000, 0x000000061f000000|  0%| F|  |TAMS 0x000000061ec00000, 0x000000061ec00000| Untracked 
| 120|0x000000061f000000, 0x000000061f000000, 0x000000061f400000|  0%| F|  |TAMS 0x000000061f000000, 0x000000061f000000| Untracked 
| 121|0x000000061f400000, 0x000000061f400000, 0x000000061f800000|  0%| F|  |TAMS 0x000000061f400000, 0x000000061f400000| Untracked 
| 122|0x000000061f800000, 0x000000061f800000, 0x000000061fc00000|  0%| F|  |TAMS 0x000000061f800000, 0x000000061f800000| Untracked 
| 123|0x000000061fc00000, 0x000000061fe6fee8, 0x0000000620000000| 60%| E|  |TAMS 0x000000061fc00000, 0x000000061fc00000| Complete 
| 124|0x0000000620000000, 0x0000000620400000, 0x0000000620400000|100%| E|CS|TAMS 0x0000000620000000, 0x0000000620000000| Complete 
| 125|0x0000000620400000, 0x0000000620800000, 0x0000000620800000|100%| E|CS|TAMS 0x0000000620400000, 0x0000000620400000| Complete 
| 126|0x0000000620800000, 0x0000000620c00000, 0x0000000620c00000|100%| E|CS|TAMS 0x0000000620800000, 0x0000000620800000| Complete 
| 127|0x0000000620c00000, 0x0000000621000000, 0x0000000621000000|100%| E|CS|TAMS 0x0000000620c00000, 0x0000000620c00000| Complete 

Card table byte_map: [0x00000282f8d60000,0x00000282f9d60000] _byte_map_base: 0x00000282f5d58000

Marking Bits (Prev, Next): (CMBitMap*) 0x00000282ef320720, (CMBitMap*) 0x00000282ef320760
 Prev Bits: [0x000002828f000000, 0x0000028296fc0000)
 Next Bits: [0x0000028296fc0000, 0x000002829ef80000)

Polling page: 0x00000282ed240000

Metaspace:

Usage:
  Non-class:      7.62 MB capacity,     6.91 MB ( 91%) used,   726.03 KB (  9%) free+waste,     8.56 KB ( <1%) overhead. 
      Class:    747.00 KB capacity,   632.64 KB ( 85%) used,   111.23 KB ( 15%) free+waste,     3.12 KB ( <1%) overhead. 
       Both:      8.35 MB capacity,     7.52 MB ( 90%) used,   837.27 KB ( 10%) free+waste,    11.69 KB ( <1%) overhead. 

Virtual space:
  Non-class space:        8.00 MB reserved,       7.75 MB ( 97%) committed 
      Class space:        1.00 GB reserved,     768.00 KB ( <1%) committed 
             Both:        1.01 GB reserved,       8.50 MB ( <1%) committed 

Chunk freelists:
   Non-Class:  129.00 KB
       Class:  21.00 KB
        Both:  150.00 KB

MaxMetaspaceSize: 17179869184.00 GB
CompressedClassSpaceSize: 1.00 GB

CodeHeap 'non-profiled nmethods': size=119168Kb used=371Kb max_used=371Kb free=118797Kb
 bounds [0x0000028287ba0000, 0x0000028287e10000, 0x000002828f000000]
CodeHeap 'profiled nmethods': size=119104Kb used=2520Kb max_used=2520Kb free=116583Kb
 bounds [0x0000028280750000, 0x00000282809d0000, 0x0000028287ba0000]
CodeHeap 'non-nmethods': size=7488Kb used=2433Kb max_used=3013Kb free=5054Kb
 bounds [0x0000028280000000, 0x0000028280300000, 0x0000028280750000]
 total_blobs=2020 nmethods=1416 adapters=515
 compilation: enabled
              stopped_count=0, restarted_count=0
 full_count=0

Compilation events (20 events):
Event: 5.054 Thread 0x00000282fd57afe0 1407       3       com.badlogic.gdx.backends.lwjgl.DefaultLwjglInput::update (13 bytes)
Event: 5.055 Thread 0x00000282fd57afe0 nmethod 1407 0x00000282809c0090 code [0x00000282809c0240, 0x00000282809c03e8]
Event: 5.056 Thread 0x00000282fd578c70 nmethod 1406 0x00000282809c0510 code [0x00000282809c0720, 0x00000282809c1048]
Event: 5.057 Thread 0x00000282fd578760 nmethod 1408 0x00000282809c1410 code [0x00000282809c1800, 0x00000282809c3048]
Event: 5.067 Thread 0x00000282fd578760 1409       3       org.lwjgl.opengl.Display::sync (5 bytes)
Event: 5.067 Thread 0x00000282fd57afe0 1410       3       org.lwjgl.opengl.Display::wasResized (4 bytes)
Event: 5.067 Thread 0x00000282fd578c70 1411       3       com.badlogic.gdx.graphics.g2d.GlyphLayout::reset (30 bytes)
Event: 5.067 Thread 0x00000282fd578760 nmethod 1409 0x00000282809c3910 code [0x00000282809c3aa0, 0x00000282809c3ba8]
Event: 5.067 Thread 0x00000282fd57afe0 nmethod 1410 0x00000282809c3c90 code [0x00000282809c3e20, 0x00000282809c3f18]
Event: 5.068 Thread 0x00000282fd578c70 nmethod 1411 0x00000282809c3f90 code [0x00000282809c4160, 0x00000282809c44a8]
Event: 5.150 Thread 0x00000282fd57afe0 1412       3       com.badlogic.gdx.graphics.g2d.BitmapFontCache::requireGlyphs (198 bytes)
Event: 5.151 Thread 0x00000282fd57afe0 nmethod 1412 0x00000282809c4610 code [0x00000282809c4860, 0x00000282809c5448]
Event: 5.200 Thread 0x00000282fd575dd0 1413       4       com.badlogic.gdx.graphics.glutils.ShaderProgram::fetchUniformLocation (120 bytes)
Event: 5.205 Thread 0x00000282fd575dd0 nmethod 1413 0x0000028287bfb990 code [0x0000028287bfbb20, 0x0000028287bfc198]
Event: 5.268 Thread 0x00000282fd578c70 1414       3       com.badlogic.gdx.scenes.scene2d.Actor::stageToLocalCoordinates (24 bytes)
Event: 5.268 Thread 0x00000282fd578c70 nmethod 1414 0x00000282809c5910 code [0x00000282809c5ae0, 0x00000282809c5fc8]
Event: 5.284 Thread 0x00000282fd578760 1416       1       com.badlogic.gdx.scenes.scene2d.utils.BaseDrawable::getMinHeight (5 bytes)
Event: 5.284 Thread 0x00000282fd57afe0 1415       1       com.badlogic.gdx.scenes.scene2d.utils.BaseDrawable::getMinWidth (5 bytes)
Event: 5.284 Thread 0x00000282fd578760 nmethod 1416 0x0000028287bfc610 code [0x0000028287bfc7a0, 0x0000028287bfc858]
Event: 5.284 Thread 0x00000282fd57afe0 nmethod 1415 0x0000028287bfc910 code [0x0000028287bfcaa0, 0x0000028287bfcb58]

GC Heap History (0 events):
No events

Deoptimization events (20 events):
Event: 0.287 Thread 0x00000282ef2a5280 DEOPT PACKING pc=0x000002828077a9df sp=0x000000c2a01fafe0
Event: 0.287 Thread 0x00000282ef2a5280 DEOPT UNPACKING pc=0x000002828004e23f sp=0x000000c2a01fa430 mode 0
Event: 0.655 Thread 0x00000282a5413c90 DEOPT PACKING pc=0x000002828077dd7b sp=0x000000c2a1b8d800
Event: 0.655 Thread 0x00000282a5413c90 DEOPT UNPACKING pc=0x000002828004e23f sp=0x000000c2a1b8cc70 mode 0
Event: 0.759 Thread 0x00000282a5413c90 Uncommon trap: trap_request=0xffffff45 fr.pc=0x0000028287be0ba4 relative=0x0000000000001084
Event: 0.759 Thread 0x00000282a5413c90 Uncommon trap: reason=unstable_if action=reinterpret pc=0x0000028287be0ba4 method=java.io.BufferedReader.readLine(Z)Ljava/lang/String; @ 22 c2
Event: 0.759 Thread 0x00000282a5413c90 DEOPT PACKING pc=0x0000028287be0ba4 sp=0x000000c2a1b8ebd0
Event: 0.760 Thread 0x00000282a5413c90 DEOPT UNPACKING pc=0x000002828004e42f sp=0x000000c2a1b8eb88 mode 2
Event: 1.120 Thread 0x00000282a5413c90 DEOPT PACKING pc=0x00000282809374e2 sp=0x000000c2a1b8ef00
Event: 1.120 Thread 0x00000282a5413c90 DEOPT UNPACKING pc=0x000002828004e23f sp=0x000000c2a1b8e488 mode 0
Event: 1.137 Thread 0x00000282a5413c90 DEOPT PACKING pc=0x00000282809374e2 sp=0x000000c2a1b8ef00
Event: 1.137 Thread 0x00000282a5413c90 DEOPT UNPACKING pc=0x000002828004e23f sp=0x000000c2a1b8e488 mode 0
Event: 5.268 Thread 0x00000282a5413c90 Uncommon trap: trap_request=0xffffffd6 fr.pc=0x0000028287bfa394 relative=0x00000000000001d4
Event: 5.268 Thread 0x00000282a5413c90 Uncommon trap: reason=array_check action=maybe_recompile pc=0x0000028287bfa394 method=com.badlogic.gdx.utils.Array.add(Ljava/lang/Object;)V @ 46 c2
Event: 5.268 Thread 0x00000282a5413c90 DEOPT PACKING pc=0x0000028287bfa394 sp=0x000000c2a1b8ec10
Event: 5.268 Thread 0x00000282a5413c90 DEOPT UNPACKING pc=0x000002828004e42f sp=0x000000c2a1b8ebb8 mode 2
Event: 5.268 Thread 0x00000282a5413c90 Uncommon trap: trap_request=0xffffffd6 fr.pc=0x0000028287bfa394 relative=0x00000000000001d4
Event: 5.268 Thread 0x00000282a5413c90 Uncommon trap: reason=array_check action=maybe_recompile pc=0x0000028287bfa394 method=com.badlogic.gdx.utils.Array.add(Ljava/lang/Object;)V @ 46 c2
Event: 5.268 Thread 0x00000282a5413c90 DEOPT PACKING pc=0x0000028287bfa394 sp=0x000000c2a1b8ec10
Event: 5.268 Thread 0x00000282a5413c90 DEOPT UNPACKING pc=0x000002828004e42f sp=0x000000c2a1b8ebb8 mode 2

Classes unloaded (0 events):
No events

Classes redefined (0 events):
No events

Internal exceptions (10 events):
Event: 0.052 Thread 0x00000282ef2a5280 Exception <a 'java/lang/ClassNotFoundException'{0x0000000620e38230}: sun/awt/resources/spi/awtProvider> (0x0000000620e38230) 
thrown [./open/src/hotspot/share/classfile/systemDictionary.cpp, line 295]
Event: 0.067 Thread 0x00000282ef2a5280 Exception <a 'java/io/FileNotFoundException'{0x0000000620e965c8}> (0x0000000620e965c8) 
thrown [./open/src/hotspot/share/prims/jni.cpp, line 578]
Event: 0.071 Thread 0x00000282ef2a5280 Exception <a 'java/io/FileNotFoundException'{0x0000000620ec4e68}> (0x0000000620ec4e68) 
thrown [./open/src/hotspot/share/prims/jni.cpp, line 578]
Event: 0.071 Thread 0x00000282ef2a5280 Exception <a 'java/lang/NoSuchMethodError'{0x0000000620ec60f0}: 'java.lang.Object java.lang.invoke.DirectMethodHandle$Holder.invokeStatic(java.lang.Object)'> (0x0000000620ec60f0) 
thrown [./open/src/hotspot/share/interpreter/linkResolver.cpp, line 782]
Event: 0.073 Thread 0x00000282ef2a5280 Exception <a 'java/lang/NoSuchMethodError'{0x0000000620ed3a80}: 'void java.lang.invoke.DirectMethodHandle$Holder.invokeSpecial(java.lang.Object, java.lang.Object, java.lang.Object)'> (0x0000000620ed3a80) 
thrown [./open/src/hotspot/share/interpreter/linkResolver.cpp, line 782]
Event: 0.095 Thread 0x00000282ef2a5280 Exception <a 'java/lang/NoSuchMethodError'{0x0000000620fc2578}: 'java.lang.Object java.lang.invoke.DirectMethodHandle$Holder.invokeStaticInit(java.lang.Object)'> (0x0000000620fc2578) 
thrown [./open/src/hotspot/share/interpreter/linkResolver.cpp, line 782]
Event: 0.245 Thread 0x00000282ef2a5280 Exception <a 'java/lang/NoSuchMethodError'{0x00000006209777b0}: 'void java.lang.invoke.DirectMethodHandle$Holder.invokeStatic(java.lang.Object, java.lang.Object)'> (0x00000006209777b0) 
thrown [./open/src/hotspot/share/interpreter/linkResolver.cpp, line 782]
Event: 0.245 Thread 0x00000282ef2a5280 Exception <a 'java/lang/NoSuchMethodError'{0x000000062097b2d0}: 'void java.lang.invoke.DirectMethodHandle$Holder.invokeStaticInit(java.lang.Object, java.lang.Object)'> (0x000000062097b2d0) 
thrown [./open/src/hotspot/share/interpreter/linkResolver.cpp, line 782]
Event: 0.249 Thread 0x00000282ef2a5280 Exception <a 'java/lang/NoSuchMethodError'{0x00000006209a8518}: 'java.lang.Object java.lang.invoke.DirectMethodHandle$Holder.invokeStaticInit(java.lang.Object, int, int, int, int)'> (0x00000006209a8518) 
thrown [./open/src/hotspot/share/interpreter/linkResolver.cpp, line 782]
Event: 0.274 Thread 0x00000282ef2a5280 Exception <a 'java/lang/NoSuchMethodError'{0x0000000620a68600}: 'java.lang.Object java.lang.invoke.DirectMethodHandle$Holder.invokeStaticInit(java.lang.Object, java.lang.Object, int, int, int, int)'> (0x0000000620a68600) 
thrown [./open/src/hotspot/share/interpreter/linkResolver.cpp, line 782]

Events (20 events):
Event: 1.228 loading class jdk/internal/access/JavaAWTAccess done
Event: 1.228 loading class sun/awt/AppContext$6 done
Event: 1.228 loading class java/util/IdentityHashMap$ValueIterator
Event: 1.228 loading class java/util/IdentityHashMap$ValueIterator done
Event: 1.228 Thread 0x00000282febdbe50 Thread exited: 0x00000282febdbe50
Event: 1.436 Loaded shared library C:\Users\yorbe\AppData\Local\Temp\libgdxyorbe\1cecf4f6\lwjgl64.dll
Event: 1.437 Loaded shared library C:\Users\yorbe\AppData\Local\Temp\libgdxyorbe\1cecf4f6\lwjgl64.dll
Event: 1.618 Loaded shared library C:\Users\yorbe\AppData\Local\Temp\libgdxyorbe\1cecf4f6\lwjgl64.dll
Event: 1.635 Loaded shared library C:\Users\yorbe\AppData\Local\Temp\libgdxyorbe\1cecf4f6\lwjgl64.dll
Event: 1.651 Loaded shared library C:\Users\yorbe\AppData\Local\Temp\libgdxyorbe\1cecf4f6\lwjgl64.dll
Event: 2.028 Executing VM operation: HandshakeAllThreads
Event: 2.028 Executing VM operation: HandshakeAllThreads done
Event: 2.054 Loaded shared library C:\Users\yorbe\AppData\Local\Temp\libgdxyorbe\1cecf4f6\lwjgl64.dll
Event: 2.251 Loaded shared library C:\Users\yorbe\AppData\Local\Temp\libgdxyorbe\1cecf4f6\lwjgl64.dll
Event: 2.417 Loaded shared library C:\Users\yorbe\.jdks\openjdk-15.0.2\bin\java.dll
Event: 2.601 Loaded shared library C:\Users\yorbe\AppData\Local\Temp\libgdxyorbe\1cecf4f6\lwjgl64.dll
Event: 2.602 Loaded shared library C:\Users\yorbe\AppData\Local\Temp\libgdxyorbe\1cecf4f6\lwjgl64.dll
Event: 3.969 Loaded shared library C:\Users\yorbe\AppData\Local\Temp\libgdxyorbe\6bae761b\gdx64.dll
Event: 4.251 Thread 0x00000282fd577830 Thread exited: 0x00000282fd577830
Event: 5.018 Loaded shared library C:\Users\yorbe\AppData\Local\Temp\libgdxyorbe\1cecf4f6\lwjgl64.dll


Dynamic libraries:
0x00007ff7d4e30000 - 0x00007ff7d4e3d000 	C:\Users\yorbe\.jdks\openjdk-15.0.2\bin\java.exe
0x00007ffcd4370000 - 0x00007ffcd4565000 	C:\Windows\SYSTEM32\ntdll.dll
0x00007ffcd2de0000 - 0x00007ffcd2e9d000 	C:\Windows\System32\KERNEL32.DLL
0x00007ffcd1d40000 - 0x00007ffcd2009000 	C:\Windows\System32\KERNELBASE.dll
0x00007ffcd2010000 - 0x00007ffcd2110000 	C:\Windows\System32\ucrtbase.dll
0x00007ffcc7a90000 - 0x00007ffcc7aa8000 	C:\Users\yorbe\.jdks\openjdk-15.0.2\bin\jli.dll
0x00007ffcc7ab0000 - 0x00007ffcc7ac9000 	C:\Users\yorbe\.jdks\openjdk-15.0.2\bin\VCRUNTIME140.dll
0x00007ffcd3050000 - 0x00007ffcd31f0000 	C:\Windows\System32\USER32.dll
0x00007ffcd2110000 - 0x00007ffcd2132000 	C:\Windows\System32\win32u.dll
0x00007ffcc2c70000 - 0x00007ffcc2f0a000 	C:\Windows\WinSxS\amd64_microsoft.windows.common-controls_6595b64144ccf1df_6.0.19041.844_none_ca00b6081b84eb1d\COMCTL32.dll
0x00007ffcd2ea0000 - 0x00007ffcd2eca000 	C:\Windows\System32\GDI32.dll
0x00007ffcd25e0000 - 0x00007ffcd267e000 	C:\Windows\System32\msvcrt.dll
0x00007ffcd1ab0000 - 0x00007ffcd1bbb000 	C:\Windows\System32\gdi32full.dll
0x00007ffcd2330000 - 0x00007ffcd23cd000 	C:\Windows\System32\msvcp_win.dll
0x00007ffcd2db0000 - 0x00007ffcd2de0000 	C:\Windows\System32\IMM32.DLL
0x00007ffccf350000 - 0x00007ffccf35c000 	C:\Users\yorbe\.jdks\openjdk-15.0.2\bin\vcruntime140_1.dll
0x00007ffc98460000 - 0x00007ffc984f1000 	C:\Users\yorbe\.jdks\openjdk-15.0.2\bin\msvcp140.dll
0x00007ffc42020000 - 0x00007ffc42b7e000 	C:\Users\yorbe\.jdks\openjdk-15.0.2\bin\server\jvm.dll
0x00007ffcd4200000 - 0x00007ffcd42ac000 	C:\Windows\System32\ADVAPI32.dll
0x00007ffcd3260000 - 0x00007ffcd32fc000 	C:\Windows\System32\sechost.dll
0x00007ffcd3b30000 - 0x00007ffcd3c5b000 	C:\Windows\System32\RPCRT4.dll
0x00007ffcd2680000 - 0x00007ffcd2688000 	C:\Windows\System32\PSAPI.DLL
0x00007ffccc470000 - 0x00007ffccc479000 	C:\Windows\SYSTEM32\WSOCK32.dll
0x00007ffccb730000 - 0x00007ffccb73a000 	C:\Windows\SYSTEM32\VERSION.dll
0x00007ffcc6b10000 - 0x00007ffcc6b37000 	C:\Windows\SYSTEM32\WINMM.dll
0x00007ffcd31f0000 - 0x00007ffcd325b000 	C:\Windows\System32\WS2_32.dll
0x00007ffccfa30000 - 0x00007ffccfa42000 	C:\Windows\SYSTEM32\kernel.appcore.dll
0x00007ffccf330000 - 0x00007ffccf33a000 	C:\Users\yorbe\.jdks\openjdk-15.0.2\bin\jimage.dll
0x00007ffcc4160000 - 0x00007ffcc4344000 	C:\Windows\SYSTEM32\DBGHELP.DLL
0x00007ffcbafc0000 - 0x00007ffcbafec000 	C:\Windows\SYSTEM32\dbgcore.DLL
0x00007ffcd1cc0000 - 0x00007ffcd1d40000 	C:\Windows\System32\bcryptPrimitives.dll
0x00007ffcc64d0000 - 0x00007ffcc64f5000 	C:\Users\yorbe\.jdks\openjdk-15.0.2\bin\java.dll
0x00007ffcd3300000 - 0x00007ffcd3a42000 	C:\Windows\System32\SHELL32.dll
0x00007ffccfc30000 - 0x00007ffcd03c0000 	C:\Windows\SYSTEM32\windows.storage.dll
0x00007ffcd2870000 - 0x00007ffcd2bc5000 	C:\Windows\System32\combase.dll
0x00007ffcd1520000 - 0x00007ffcd154c000 	C:\Windows\SYSTEM32\Wldp.dll
0x00007ffcd2d00000 - 0x00007ffcd2dae000 	C:\Windows\System32\SHCORE.dll
0x00007ffcd3ad0000 - 0x00007ffcd3b25000 	C:\Windows\System32\shlwapi.dll
0x00007ffcd19f0000 - 0x00007ffcd1a0f000 	C:\Windows\SYSTEM32\profapi.dll
0x00007ffcb48c0000 - 0x00007ffcb48d9000 	C:\Users\yorbe\.jdks\openjdk-15.0.2\bin\net.dll
0x00007ffcca9e0000 - 0x00007ffccaaec000 	C:\Windows\SYSTEM32\WINHTTP.dll
0x00007ffcd12a0000 - 0x00007ffcd130a000 	C:\Windows\system32\mswsock.dll
0x00007ffcb48a0000 - 0x00007ffcb48b2000 	C:\Users\yorbe\.jdks\openjdk-15.0.2\bin\nio.dll
0x00007ffcb4880000 - 0x00007ffcb4898000 	C:\Users\yorbe\.jdks\openjdk-15.0.2\bin\zip.dll
0x00007ffc4b3f0000 - 0x00007ffc4b56f000 	C:\Users\yorbe\.jdks\openjdk-15.0.2\bin\awt.dll
0x00007ffcd2ed0000 - 0x00007ffcd2f9d000 	C:\Windows\System32\OLEAUT32.dll
0x00007ffccf3a0000 - 0x00007ffccf430000 	C:\Windows\SYSTEM32\apphelp.dll
0x00007ffccf850000 - 0x00007ffccf87f000 	C:\Windows\system32\DWMAPI.DLL
0x00007ffccf4d0000 - 0x00007ffccf56e000 	C:\Windows\system32\uxtheme.dll
0x00007ffc89d60000 - 0x00007ffc89e86000 	C:\Windows\system32\opengl32.dll
0x00007ffcae3d0000 - 0x00007ffcae3fc000 	C:\Windows\SYSTEM32\GLU32.dll
0x00007ffcd3c70000 - 0x00007ffcd3d85000 	C:\Windows\System32\MSCTF.dll
0x00007ffcd2bd0000 - 0x00007ffcd2cfa000 	C:\Windows\System32\ole32.dll
0x00007ffcc7840000 - 0x00007ffcc7a0f000 	C:\Windows\system32\d3d9.dll
0x00007ffcc80c0000 - 0x00007ffcc81c5000 	C:\Windows\System32\DriverStore\FileRepository\nv_dispi.inf_amd64_8e68f77150e57b50\nvldumdx.dll
0x00007ffcd16a0000 - 0x00007ffcd16b2000 	C:\Windows\SYSTEM32\msasn1.dll
0x00007ffccb530000 - 0x00007ffccb561000 	C:\Windows\SYSTEM32\cryptnet.dll
0x00007ffcd21d0000 - 0x00007ffcd232f000 	C:\Windows\System32\CRYPT32.dll
0x00007ffcd1490000 - 0x00007ffcd149c000 	C:\Windows\SYSTEM32\cryptbase.dll
0x00007ffcd2170000 - 0x00007ffcd21d0000 	C:\Windows\System32\WINTRUST.DLL
0x00007ffcd42b0000 - 0x00007ffcd42cd000 	C:\Windows\System32\imagehlp.dll
0x00007ffcd1470000 - 0x00007ffcd1488000 	C:\Windows\SYSTEM32\CRYPTSP.dll
0x00007ffcd0bd0000 - 0x00007ffcd0c04000 	C:\Windows\system32\rsaenh.dll
0x00007ffcd2140000 - 0x00007ffcd2167000 	C:\Windows\System32\bcrypt.dll
0x00007ffc6c690000 - 0x00007ffc6e2d7000 	C:\Windows\System32\DriverStore\FileRepository\nv_dispi.inf_amd64_8e68f77150e57b50\nvd3dumx.dll
0x00007ffc825b0000 - 0x00007ffc82869000 	C:\Windows\system32\nvspcap64.dll
0x00007ffcd0800000 - 0x00007ffcd0833000 	C:\Windows\SYSTEM32\ntmarta.dll
0x00007ffcd03d0000 - 0x00007ffcd03f3000 	C:\Windows\SYSTEM32\gpapi.dll
0x00007ffcca340000 - 0x00007ffcca37b000 	C:\Windows\SYSTEM32\dxcore.dll
0x00007ffcd1c70000 - 0x00007ffcd1cbe000 	C:\Windows\System32\cfgmgr32.dll
0x0000000065ac0000 - 0x0000000065aea000 	C:\Users\yorbe\AppData\Local\Temp\libgdxyorbe\6bae761b\gdx64.dll
0x00007ffcd19b0000 - 0x00007ffcd19de000 	C:\Windows\SYSTEM32\USERENV.dll
0x00007ffcd0f40000 - 0x00007ffcd0f7b000 	C:\Windows\SYSTEM32\IPHLPAPI.DLL
0x00007ffcd3c60000 - 0x00007ffcd3c68000 	C:\Windows\System32\NSI.dll
0x00007ffccba10000 - 0x00007ffccba27000 	C:\Windows\SYSTEM32\dhcpcsvc6.DLL
0x00007ffccb9f0000 - 0x00007ffccba0d000 	C:\Windows\SYSTEM32\dhcpcsvc.DLL
0x00007ffcd0f80000 - 0x00007ffcd104b000 	C:\Windows\SYSTEM32\DNSAPI.dll
0x00007ffccc9f0000 - 0x00007ffccca00000 	C:\Users\yorbe\.jdks\openjdk-15.0.2\bin\verify.dll
0x0000000180000000 - 0x0000000180053000 	C:\Users\yorbe\AppData\Local\Temp\libgdxyorbe\1cecf4f6\lwjgl64.dll
0x00000282ffa40000 - 0x00000282ffaa4000 	C:\Users\yorbe\AppData\Local\Temp\libgdxyorbe\1cecf4f6\OpenAL64.dll
0x00007ffcd2fa0000 - 0x00007ffcd3049000 	C:\Windows\System32\clbcatq.dll
0x00007ffccbf00000 - 0x00007ffccbf85000 	C:\Windows\System32\MMDevApi.dll
0x00007ffcd1860000 - 0x00007ffcd188c000 	C:\Windows\System32\DEVOBJ.dll
0x00007ffc97b40000 - 0x00007ffc97bdc000 	C:\Windows\SYSTEM32\dsound.dll
0x00007ffcd1060000 - 0x00007ffcd10ab000 	C:\Windows\SYSTEM32\powrprof.dll
0x00007ffccc0f0000 - 0x00007ffccc116000 	C:\Windows\SYSTEM32\winmmbase.dll
0x00007ffcd0f20000 - 0x00007ffcd0f32000 	C:\Windows\SYSTEM32\UMPDC.dll
0x00007ffca2170000 - 0x00007ffca22f5000 	C:\Windows\SYSTEM32\AUDIOSES.DLL
0x00007ffccf650000 - 0x00007ffccf664000 	C:\Windows\SYSTEM32\resourcepolicyclient.dll
0x00007ffcca7d0000 - 0x00007ffcca87e000 	C:\Windows\SYSTEM32\mscms.dll
0x00007ffcca8f0000 - 0x00007ffcca901000 	C:\Windows\SYSTEM32\ColorAdapterClient.dll
0x00007ffcc89a0000 - 0x00007ffcc8a9b000 	C:\Windows\SYSTEM32\textinputframework.dll
0x00007ffccebe0000 - 0x00007ffccef3e000 	C:\Windows\System32\CoreUIComponents.dll
0x00007ffccef40000 - 0x00007ffccf032000 	C:\Windows\System32\CoreMessaging.dll
0x00007ffcce310000 - 0x00007ffcce464000 	C:\Windows\SYSTEM32\wintypes.dll
0x00007ffccbcc0000 - 0x00007ffccbdba000 	C:\Windows\System32\AppXDeploymentClient.dll
0x00007ffc3b9c0000 - 0x00007ffc3e348000 	C:\Windows\System32\DriverStore\FileRepository\nv_dispi.inf_amd64_8e68f77150e57b50\nvoglv64.dll
0x00007ffcd3d90000 - 0x00007ffcd41f9000 	C:\Windows\System32\SETUPAPI.dll
0x00007ffcccc00000 - 0x00007ffcccc14000 	C:\Windows\SYSTEM32\WTSAPI32.dll
0x00007ffc6ac40000 - 0x00007ffc6ac83000 	C:\Windows\SYSTEM32\icm32.dll
0x00007ffcd0870000 - 0x00007ffcd08ca000 	C:\Windows\SYSTEM32\WINSTA.dll
0x00007ffc691f0000 - 0x00007ffc69279000 	C:\Program Files (x86)\Overwolf\0.166.1.13\OWExplorer.dll

dbghelp: loaded successfully - version: 4.0.5 - missing functions: none
symbol engine: initialized successfully - sym options: 0x614 - pdb path: .;C:\Users\yorbe\.jdks\openjdk-15.0.2\bin;C:\Windows\SYSTEM32;C:\Windows\WinSxS\amd64_microsoft.windows.common-controls_6595b64144ccf1df_6.0.19041.844_none_ca00b6081b84eb1d;C:\Users\yorbe\.jdks\openjdk-15.0.2\bin\server;C:\Windows\System32\DriverStore\FileRepository\nv_dispi.inf_amd64_8e68f77150e57b50;C:\Users\yorbe\AppData\Local\Temp\libgdxyorbe\6bae761b;C:\Users\yorbe\AppData\Local\Temp\libgdxyorbe\1cecf4f6;C:\Program Files (x86)\Overwolf\0.166.1.13

VM Arguments:
jvm_args: -Dfile.encoding=windows-1252 -Duser.country=NL -Duser.language=nl -Duser.variant 
java_command: com.mygdx.game.desktop.DesktopLauncher
java_class_path (initial): C:\Users\yorbe\Desktop\Bapao Invaders\Game\desktop\build\classes\java\main;C:\Users\yorbe\Desktop\Bapao Invaders\Game\desktop\build\resources\main;C:\Users\yorbe\.gradle\caches\modules-2\files-2.1\com.badlogicgames.gdx\gdx-tools\1.9.14\44911247a158df290b72c90e536a0988c4dce5e5\gdx-tools-1.9.14.jar;C:\Users\yorbe\.gradle\caches\modules-2\files-2.1\com.badlogicgames.gdx\gdx-backend-lwjgl\1.9.14\76d214441fa6faed9a4b9a2c02473f0d0a467a52\gdx-backend-lwjgl-1.9.14.jar;C:\Users\yorbe\.gradle\caches\modules-2\files-2.1\com.badlogicgames.gdx\gdx-platform\1.9.14\c972092618b729ebfec229c9214fb9e87861fb7a\gdx-platform-1.9.14-natives-desktop.jar;C:\Users\yorbe\.gradle\caches\modules-2\files-2.1\com.badlogicgames.gdx\gdx-box2d-platform\1.9.14\3c70a6038ec970ae49f96292ed48bd2a098a7f47\gdx-box2d-platform-1.9.14-natives-desktop.jar;C:\Users\yorbe\Desktop\Bapao Invaders\Game\core\build\libs\core-1.0.jar;C:\Users\yorbe\.gradle\caches\modules-2\files-2.1\com.badlogicgames.gdx\gdx-backend-headless\1.9.14\9835096bffeab198decb2d3a5e6106be383f7141\gdx-backend-headless-1.9.14.jar;C:\Users\yorbe\.gradle\caches\modules-2\files-2.1\com.badlogicgames.gdx\gdx-freetype\1.9.14\a25090346bd74a30e7b62da2a7f8e9cd225c4830\gdx-freetype-1.9.14.jar;C:\Users\yorbe\.gradle\caches\modules-2\files-2.1\com.badlogicgames.gdx\gdx-box2d\1.9.14\1c52434c5c7ad1a19e08dcc53047eb1cd79b5e62\gdx-box2d-1.9.14.jar;C:\Users\yorbe\.gradle\caches\modules-2\files-2.1\com.badlogicgames.gdx\gdx\1.9.14\42b1ca02aabd2aa248dc0a6beb0ea0f9f003a44d\gdx-1.9.14.jar;C:\Users\yorbe\.gradle\caches\modules-2\files-2.1\org.lwjgl.lwjgl\lwjgl_util\2.9.3\751f06b62424da056954c67288fd5c494431e350\lwjgl_util-2.9.3.jar;C:\Users\yorbe\.gradle\caches\modules-2\files-2.1\org.lwjgl.lwjgl\lwjgl\2.9.3\3df168ac74e4a8c96562cdff24ad352e255bf89c\lwjgl-2.9.3.jar;C:\Users\yorbe\.gradle\caches\modules-2\files-2.1\com.badlogicgames.jlayer\jlayer\1.0.1-gdx\7cca83cec5c1b2f011362f4d85aabd71a73b049d\jlayer-1.0.1-gdx.jar;C:\Users\yorbe\.gradle
Launcher Type: SUN_STANDARD

[Global flags]
     intx CICompilerCount                          = 12                                        {product} {ergonomic}
     uint ConcGCThreads                            = 3                                         {product} {ergonomic}
     uint G1ConcRefinementThreads                  = 13                                        {product} {ergonomic}
   size_t G1HeapRegionSize                         = 4194304                                   {product} {ergonomic}
    uintx GCDrainStackTargetSize                   = 64                                        {product} {ergonomic}
   size_t InitialHeapSize                          = 536870912                                 {product} {ergonomic}
   size_t MarkStackSize                            = 4194304                                   {product} {ergonomic}
   size_t MaxHeapSize                              = 8573157376                                {product} {ergonomic}
   size_t MaxNewSize                               = 5142216704                                {product} {ergonomic}
   size_t MinHeapDeltaBytes                        = 4194304                                   {product} {ergonomic}
   size_t MinHeapSize                              = 8388608                                   {product} {ergonomic}
    uintx NonNMethodCodeHeapSize                   = 7602480                                {pd product} {ergonomic}
    uintx NonProfiledCodeHeapSize                  = 122027880                              {pd product} {ergonomic}
    uintx ProfiledCodeHeapSize                     = 122027880                              {pd product} {ergonomic}
    uintx ReservedCodeCacheSize                    = 251658240                              {pd product} {ergonomic}
     bool SegmentedCodeCache                       = true                                      {product} {ergonomic}
   size_t SoftMaxHeapSize                          = 8573157376                             {manageable} {ergonomic}
     bool UseCompressedClassPointers               = true                                 {lp64_product} {ergonomic}
     bool UseCompressedOops                        = true                                 {lp64_product} {ergonomic}
     bool UseG1GC                                  = true                                      {product} {ergonomic}
     bool UseLargePagesIndividualAllocation        = false                                  {pd product} {ergonomic}

Logging:
Log output configuration:
 #0: stdout all=warning uptime,level,tags
 #1: stderr all=off uptime,level,tags

Environment Variables:
JAVA_HOME=C:\Program Files\AdoptOpenJDK\jre-8.0.275.1-hotspot\
PATH=C:\Program Files (x86)\Common Files\Oracle\Java\javapath;C:\Program Files\AdoptOpenJDK\jre-8.0.275.1-hotspot\bin;C:\Program Files\AdoptOpenJDK\jre-11.0.9.11-hotspot\bin;C:\Program Files (x86)\AdoptOpenJDK\jre-8.0.275.01-hotspot\bin;C:\Windows\system32;C:\Windows;C:\Windows\System32\Wbem;C:\Windows\System32\WindowsPowerShell\v1.0\;C:\Windows\System32\OpenSSH\;C:\Program Files\Microsoft VS Code\bin;C:\Program Files\NVIDIA Corporation\NVIDIA NvDLISR;C:\Program Files (x86)\NVIDIA Corporation\PhysX\Common;C:\Program Files\Git\cmd;C:\Program Files\PuTTY\;C:\Users\yorbe\AppData\Local\Microsoft\WindowsApps;C:\Users\yorbe\AppData\Local\GitHubDesktop\bin
USERNAME=yorbe
OS=Windows_NT
PROCESSOR_IDENTIFIER=Intel64 Family 6 Model 158 Stepping 13, GenuineIntel



---------------  S Y S T E M  ---------------

OS:
 Windows 10 , 64 bit Build 19041 (10.0.19041.804)
OS uptime: 28 days 1:08 hours

CPU: total 16 (initial active 16) (8 cores per cpu, 2 threads per core) family 6 model 158 stepping 13 microcode 0xc6, cmov, cx8, fxsr, mmx, sse, sse2, sse3, ssse3, sse4.1, sse4.2, popcnt, vzeroupper, avx, avx2, aes, clmul, erms, 3dnowpref, lzcnt, ht, tsc, tscinvbit, bmi1, bmi2, adx, fma, clflush, clflushopt

Memory: 4k page, system-wide physical 32699M (15911M free)
TotalPageFile size 41403M (AvailPageFile size 17218M)
current process WorkingSet (physical memory assigned to process): 129M, peak: 133M
current process commit charge ("private bytes"): 736M, peak: 741M

vm_info: OpenJDK 64-Bit Server VM (15.0.2+7-27) for windows-amd64 JRE (15.0.2+7-27), built on Dec  7 2020 20:02:38 by "mach5one" with unknown MS VC++:1925

END.
