#
# A fatal error has been detected by the Java Runtime Environment:
#
#  EXCEPTION_ACCESS_VIOLATION (0xc0000005) at pc=0x00007ffc3c54dd42, pid=22196, tid=55728
#
# JRE version: OpenJDK Runtime Environment (15.0.2+7) (build 15.0.2+7-27)
# Java VM: OpenJDK 64-Bit Server VM (15.0.2+7-27, mixed mode, sharing, tiered, compressed oops, g1 gc, windows-amd64)
# Problematic frame:
# C  [nvoglv64.dll+0xb8dd42]
#
# No core dump will be written. Minidumps are not enabled by default on client versions of Windows
#
# If you would like to submit a bug report, please visit:
#   https://bugreport.java.com/bugreport/crash.jsp
# The crash happened outside the Java Virtual Machine in native code.
# See problematic frame for where to report the bug.
#

---------------  S U M M A R Y ------------

Command Line: -Dfile.encoding=windows-1252 -Duser.country=NL -Duser.language=nl -Duser.variant com.mygdx.game.desktop.DesktopLauncher

Host: Intel(R) Core(TM) i9-9900K CPU @ 3.60GHz, 16 cores, 31G,  Windows 10 , 64 bit Build 19041 (10.0.19041.804)
Time: Tue Apr 13 11:50:31 2021 West-Europa (zomertijd) elapsed time: 4.136893 seconds (0d 0h 0m 4s)

---------------  T H R E A D  ---------------

Current thread (0x0000023fe3c3d170):  JavaThread "LWJGL Application" [_thread_in_native, id=55728, stack(0x000000face040000,0x000000face140000)]

Stack: [0x000000face040000,0x000000face140000],  sp=0x000000face13e860,  free space=1018k
Native frames: (J=compiled Java code, j=interpreted, Vv=VM code, C=native code)
C  [nvoglv64.dll+0xb8dd42]

Java frames: (J=compiled Java code, j=interpreted, Vv=VM code)
J 1269  org.lwjgl.opengl.GL11.nglDrawElements(IIIJJ)V (0 bytes) @ 0x0000023fbdfb5906 [0x0000023fbdfb58a0+0x0000000000000066]
J 1228 c1 org.lwjgl.opengl.GL11.glDrawElements(ILjava/nio/ShortBuffer;)V (38 bytes) @ 0x0000023fb6d14174 [0x0000023fb6d13960+0x0000000000000814]
J 1227 c1 com.badlogic.gdx.backends.lwjgl.LwjglGL20.glDrawElements(IIILjava/nio/Buffer;)V (124 bytes) @ 0x0000023fb6d12a1c [0x0000023fb6d11c00+0x0000000000000e1c]
J 1262 c1 com.badlogic.gdx.graphics.Mesh.render(Lcom/badlogic/gdx/graphics/glutils/ShaderProgram;IIIZ)V (341 bytes) @ 0x0000023fb6d2b27c [0x0000023fb6d2ac00+0x000000000000067c]
J 1216 c1 com.badlogic.gdx.graphics.Mesh.render(Lcom/badlogic/gdx/graphics/glutils/ShaderProgram;III)V (14 bytes) @ 0x0000023fb6d0d534 [0x0000023fb6d0d4c0+0x0000000000000074]
J 1144 c1 com.badlogic.gdx.graphics.g2d.SpriteBatch.flush()V (193 bytes) @ 0x0000023fb6cf5d6c [0x0000023fb6cf4f20+0x0000000000000e4c]
J 1185 c1 com.badlogic.gdx.graphics.g2d.SpriteBatch.draw(Lcom/badlogic/gdx/graphics/Texture;[FII)V (165 bytes) @ 0x0000023fb6d05624 [0x0000023fb6d054a0+0x0000000000000184]
J 1248 c1 com.badlogic.gdx.graphics.g2d.BitmapFontCache.draw(Lcom/badlogic/gdx/graphics/g2d/Batch;)V (73 bytes) @ 0x0000023fb6d1f2ac [0x0000023fb6d1ee80+0x000000000000042c]
j  com.badlogic.gdx.graphics.g2d.BitmapFont.draw(Lcom/badlogic/gdx/graphics/g2d/Batch;Ljava/lang/CharSequence;FF)Lcom/badlogic/gdx/graphics/g2d/GlyphLayout;+25
j  com.mygdx.game.MyGdxGame.render()V+95
j  com.badlogic.gdx.backends.lwjgl.LwjglApplication.mainLoop()V+776
j  com.badlogic.gdx.backends.lwjgl.LwjglApplication$1.run()V+27
v  ~StubRoutines::call_stub

siginfo: EXCEPTION_ACCESS_VIOLATION (0xc0000005), reading address 0x0000023fe16d6f3a


Register to memory mapping:

RIP=0x00007ffc3c54dd42 nvoglv64.dll
RAX=0x0000023426521f4c is an unknown value
RBX=0x0000023fe16d6f30 is an unknown value
RCX=0x0 is NULL
RDX=0x000016097f3538fc is an unknown value
RSP=0x000000face13e860 is pointing into the stack for thread: 0x0000023fe3c3d170
RBP=0x0000023fe547b080 points into unknown readable memory: 0x0000000000000000 | 00 00 00 00 00 00 00 00
RSI=0x0000000000000006 is an unknown value
RDI=0x0000000000000001 is an unknown value
R8 =0x00000000000019c4 is an unknown value
R9 =0x0 is NULL
R10=0x00000000546c6148 is an unknown value
R11=0x00000fc95836dacb is an unknown value
R12=0x0000000000001403 is an unknown value
R13=0x0000000000001403 is an unknown value
R14=0x000000face13ea08 is pointing into the stack for thread: 0x0000023fe3c3d170
R15=0x0000023fe16d6f30 is an unknown value


Registers:
RAX=0x0000023426521f4c, RBX=0x0000023fe16d6f30, RCX=0x0000000000000000, RDX=0x000016097f3538fc
RSP=0x000000face13e860, RBP=0x0000023fe547b080, RSI=0x0000000000000006, RDI=0x0000000000000001
R8 =0x00000000000019c4, R9 =0x0000000000000000, R10=0x00000000546c6148, R11=0x00000fc95836dacb
R12=0x0000000000001403, R13=0x0000000000001403, R14=0x000000face13ea08, R15=0x0000023fe16d6f30
RIP=0x00007ffc3c54dd42, EFLAGS=0x0000000000010246

Top of Stack: (sp=0x000000face13e860)
0x000000face13e860:   000000000000000c 0000023fe3c3d170
0x000000face13e870:   000000face13e8e9 000000face13e9e0
0x000000face13e880:   0000000800bb1840 00007ffc426c70ca
0x000000face13e890:   0000000800bb1840 0000023fe3c4aa01
0x000000face13e8a0:   0000023fe3c3d170 00007ffc42235684
0x000000face13e8b0:   0000023fdbfd8c90 0000000620791c50
0x000000face13e8c0:   0000000200000002 0000023fe16d6f30
0x000000face13e8d0:   000000face13ea08 0000000000001403
0x000000face13e8e0:   0000023fe547b080 0000000000000004
0x000000face13e8f0:   0000000000000006 000000face13ea20
0x000000face13e900:   0000000000000000 00007ffc3c1ad246
0x000000face13e910:   0000023fe547bed8 0000023f00000004
0x000000face13e920:   0000000600000000 0000000000000000
0x000000face13e930:   000000000000000c 00007ffc00001403
0x000000face13e940:   0000023fe16d6f30 0000023f00000000
0x000000face13e950:   0000023fdc50de00 00000000000000b8 

Instructions: (pc=0x00007ffc3c54dd42)
0x00007ffc3c54dc42:   e1 03 48 89 94 24 b0 00 00 00 d3 e3 44 8b 52 14
0x00007ffc3c54dc52:   8b 42 18 41 f7 d2 44 23 52 0c 41 0b c2 89 9c 24
0x00007ffc3c54dc62:   d0 00 00 00 f7 d0 23 42 10 80 7a 1e 00 0f 85 db
0x00007ffc3c54dc72:   08 00 00 80 bd dc ec 55 00 00 0f 85 ce 08 00 00
0x00007ffc3c54dc82:   85 f6 0f 8e c6 08 00 00 3b 9d e8 ee 55 00 0f 8f
0x00007ffc3c54dc92:   ba 08 00 00 83 7a 08 00 0f 85 b0 08 00 00 80 7a
0x00007ffc3c54dca2:   1d 00 0f 85 a6 08 00 00 80 7a 1c 00 0f 85 9c 08
0x00007ffc3c54dcb2:   00 00 80 bd e5 38 55 00 00 0f 85 8f 08 00 00 80
0x00007ffc3c54dcc2:   bd ec 38 55 00 00 0f 85 82 08 00 00 a9 00 00 03
0x00007ffc3c54dcd2:   00 0f 85 77 08 00 00 44 0b d0 44 85 52 20 0f 85
0x00007ffc3c54dce2:   6a 08 00 00 48 89 bc 24 80 00 00 00 48 8d 8d 40
0x00007ffc3c54dcf2:   f0 55 00 4c 89 6c 24 78 bf 01 00 00 00 8b d7 4c
0x00007ffc3c54dd02:   89 74 24 70 4c 89 7c 24 68 e8 00 22 e7 ff 48 8b
0x00007ffc3c54dd12:   9c 24 e0 00 00 00 41 81 fc 05 14 00 00 75 18 8b
0x00007ffc3c54dd22:   44 b3 fc 4c 8d 6e ff 8b 0b 44 8b f0 3b c8 44 0f
0x00007ffc3c54dd32:   47 f1 0f 42 c1 eb 5c 41 81 fc 03 14 00 00 75 23
0x00007ffc3c54dd42:   0f b7 4c 73 fe 4c 8d 6e ff 0f b7 13 0f b7 c1 66
0x00007ffc3c54dd52:   3b d1 66 0f 47 c2 66 0f 42 ca 44 0f b7 f0 0f b7
0x00007ffc3c54dd62:   c1 eb 30 41 81 fc 01 14 00 00 0f 85 95 07 00 00
0x00007ffc3c54dd72:   0f b6 54 33 ff 4c 8d 6e ff 44 0f b6 03 8b ca 44
0x00007ffc3c54dd82:   3a c2 41 0f 47 c8 44 0f b6 f1 8b ca 41 0f 42 c8
0x00007ffc3c54dd92:   0f b6 c1 48 8b 8c 24 b0 00 00 00 44 8d 7e ff 44
0x00007ffc3c54dda2:   2b f0 e8 37 0c 00 00 48 8b 84 24 b0 00 00 00 44
0x00007ffc3c54ddb2:   8b 50 78 41 8b c2 41 0f af c6 44 89 94 24 d8 00
0x00007ffc3c54ddc2:   00 00 3b 85 ec ee 55 00 0f 8f 37 07 00 00 0f 29
0x00007ffc3c54ddd2:   74 24 50 41 81 fc 05 14 00 00 0f 85 15 01 00 00
0x00007ffc3c54dde2:   44 8b 0b 45 8b f1 48 8d 53 04 3b f7 0f 8e 8d 03
0x00007ffc3c54ddf2:   00 00 41 83 ff 08 0f 82 be 00 00 00 83 3d 5b 28
0x00007ffc3c54de02:   bd 01 02 0f 8c b1 00 00 00 41 81 e7 07 00 00 80
0x00007ffc3c54de12:   7d 0a 41 ff cf 41 83 cf f8 41 ff c7 66 41 0f 6e
0x00007ffc3c54de22:   c9 8b c6 66 0f 70 c9 00 41 2b c7 66 0f 6f d9 66
0x00007ffc3c54de32:   0f 6f e1 66 0f 6f d1 0f 1f 80 00 00 00 00 f3 0f 


Stack slot to memory mapping:
stack at sp + 0 slots: 0x000000000000000c is an unknown value
stack at sp + 1 slots: 0x0000023fe3c3d170 is a thread
stack at sp + 2 slots: 0x000000face13e8e9 is pointing into the stack for thread: 0x0000023fe3c3d170
stack at sp + 3 slots: 0x000000face13e9e0 is pointing into the stack for thread: 0x0000023fe3c3d170
stack at sp + 4 slots: 0x0000000800bb1840 is a pointer to class: 
com.badlogic.gdx.utils.Array {0x0000000800bb1848}
stack at sp + 5 slots: 0x00007ffc426c70ca jvm.dll
stack at sp + 6 slots: 0x0000000800bb1840 is a pointer to class: 
com.badlogic.gdx.utils.Array {0x0000000800bb1848}
stack at sp + 7 slots: 0x0000023fe3c4aa01 points into unknown readable memory: 00 00 00 00 00 00 00


---------------  P R O C E S S  ---------------

Threads class SMR info:
_java_thread_list=0x0000023fe431f1c0, length=17, elements={
0x0000023fdbbab970, 0x0000023fdbbac540, 0x0000023fdc4478d0, 0x0000023fdc44a390,
0x0000023fdc44ae40, 0x0000023fdc44f040, 0x0000023fdc45c100, 0x0000023fdc4672d0,
0x0000023fdc56ef50, 0x0000023fdc571470, 0x0000023fdc5aedc0, 0x0000023fdc5b6770,
0x0000023fdca38d40, 0x0000023fdca39ae0, 0x0000023fe3c3d170, 0x0000023fae185250,
0x0000023fe42e4650
}

Java Threads: ( => current thread )
  0x0000023fdbbab970 JavaThread "Reference Handler" daemon [_thread_blocked, id=56888, stack(0x000000facce00000,0x000000faccf00000)]
  0x0000023fdbbac540 JavaThread "Finalizer" daemon [_thread_blocked, id=35288, stack(0x000000faccf00000,0x000000facd000000)]
  0x0000023fdc4478d0 JavaThread "Signal Dispatcher" daemon [_thread_blocked, id=23680, stack(0x000000facd000000,0x000000facd100000)]
  0x0000023fdc44a390 JavaThread "Attach Listener" daemon [_thread_blocked, id=21032, stack(0x000000facd100000,0x000000facd200000)]
  0x0000023fdc44ae40 JavaThread "Service Thread" daemon [_thread_blocked, id=12104, stack(0x000000facd200000,0x000000facd300000)]
  0x0000023fdc44f040 JavaThread "C2 CompilerThread0" daemon [_thread_blocked, id=14972, stack(0x000000facd300000,0x000000facd400000)]
  0x0000023fdc45c100 JavaThread "C1 CompilerThread0" daemon [_thread_blocked, id=15732, stack(0x000000facd400000,0x000000facd500000)]
  0x0000023fdc4672d0 JavaThread "Sweeper thread" daemon [_thread_blocked, id=26148, stack(0x000000facd500000,0x000000facd600000)]
  0x0000023fdc56ef50 JavaThread "C1 CompilerThread1" daemon [_thread_blocked, id=12680, stack(0x000000facd600000,0x000000facd700000)]
  0x0000023fdc571470 JavaThread "C1 CompilerThread2" daemon [_thread_blocked, id=8848, stack(0x000000facd700000,0x000000facd800000)]
  0x0000023fdc5aedc0 JavaThread "Notification Thread" daemon [_thread_blocked, id=40996, stack(0x000000facd800000,0x000000facd900000)]
  0x0000023fdc5b6770 JavaThread "Common-Cleaner" daemon [_thread_blocked, id=32132, stack(0x000000facda00000,0x000000facdb00000)]
  0x0000023fdca38d40 JavaThread "Java2D Disposer" daemon [_thread_blocked, id=1892, stack(0x000000facdb00000,0x000000facdc00000)]
  0x0000023fdca39ae0 JavaThread "AWT-Windows" daemon [_thread_in_native, id=52448, stack(0x000000facdd00000,0x000000facde00000)]
=>0x0000023fe3c3d170 JavaThread "LWJGL Application" [_thread_in_native, id=55728, stack(0x000000face040000,0x000000face140000)]
  0x0000023fae185250 JavaThread "DestroyJavaVM" [_thread_blocked, id=28144, stack(0x000000facc700000,0x000000facc800000)]
  0x0000023fe42e4650 JavaThread "LWJGL Timer" daemon [_thread_blocked, id=33812, stack(0x000000face940000,0x000000facea40000)]

Other Threads:
  0x0000023fdbba70d0 VMThread "VM Thread" [stack: 0x000000faccd00000,0x000000facce00000] [id=38096]
  0x0000023fdc5b02a0 WatcherThread [stack: 0x000000facd900000,0x000000facda00000] [id=9512]
  0x0000023fae1fdd00 GCTaskThread "GC Thread#0" [stack: 0x000000facc800000,0x000000facc900000] [id=10096]
  0x0000023fae20fde0 ConcurrentGCThread "G1 Main Marker" [stack: 0x000000facc900000,0x000000facca00000] [id=32420]
  0x0000023fae211170 ConcurrentGCThread "G1 Conc#0" [stack: 0x000000facca00000,0x000000faccb00000] [id=45156]
  0x0000023fae25ec40 ConcurrentGCThread "G1 Refine#0" [stack: 0x000000faccb00000,0x000000faccc00000] [id=32124]
  0x0000023fdba9f970 ConcurrentGCThread "G1 Young RemSet Sampling" [stack: 0x000000faccc00000,0x000000faccd00000] [id=23140]

Threads with active compile tasks:

VM state: not at safepoint (normal execution)

VM Mutex/Monitor currently owned by a thread: None

Heap address: 0x0000000601000000, size: 8176 MB, Compressed Oops mode: Zero based, Oop shift amount: 3
CDS archive(s) mapped at: [0x0000000800000000-0x0000000800b50000-0x0000000800b50000), size 11862016, SharedBaseAddress: 0x0000000800000000, ArchiveRelocationMode: 0.
Compressed class space mapped at: 0x0000000800b50000-0x0000000840b50000, size: 1073741824
Narrow klass base: 0x0000000800000000, Narrow klass shift: 3, Narrow klass range: 0x100000000

GC Precious Log:
 CPUs: 16 total, 16 available
 Memory: 32699M
 Large Page Support: Disabled
 NUMA Support: Disabled
 Compressed Oops: Enabled (Zero based)
 Heap Region Size: 4M
 Heap Min Capacity: 8M
 Heap Initial Capacity: 512M
 Heap Max Capacity: 8176M
 Pre-touch: Disabled
 Parallel Workers: 13
 Concurrent Workers: 3
 Concurrent Refinement Workers: 13
 Periodic GC: Disabled

Heap:
 garbage-first heap   total 524288K, used 20480K [0x0000000601000000, 0x0000000800000000)
  region size 4096K, 5 young (20480K), 0 survivors (0K)
 Metaspace       used 7655K, capacity 8490K, committed 8704K, reserved 1056768K
  class space    used 632K, capacity 747K, committed 768K, reserved 1048576K

Heap Regions: E=young(eden), S=young(survivor), O=old, HS=humongous(starts), HC=humongous(continues), CS=collection set, F=free, OA=open archive, CA=closed archive, TAMS=top-at-mark-start (previous, next)
|   0|0x0000000601000000, 0x0000000601400000, 0x0000000601400000|100%|HS|  |TAMS 0x0000000601000000, 0x0000000601000000| Complete 
|   1|0x0000000601400000, 0x0000000601400000, 0x0000000601800000|  0%| F|  |TAMS 0x0000000601400000, 0x0000000601400000| Untracked 
|   2|0x0000000601800000, 0x0000000601800000, 0x0000000601c00000|  0%| F|  |TAMS 0x0000000601800000, 0x0000000601800000| Untracked 
|   3|0x0000000601c00000, 0x0000000601c00000, 0x0000000602000000|  0%| F|  |TAMS 0x0000000601c00000, 0x0000000601c00000| Untracked 
|   4|0x0000000602000000, 0x0000000602000000, 0x0000000602400000|  0%| F|  |TAMS 0x0000000602000000, 0x0000000602000000| Untracked 
|   5|0x0000000602400000, 0x0000000602400000, 0x0000000602800000|  0%| F|  |TAMS 0x0000000602400000, 0x0000000602400000| Untracked 
|   6|0x0000000602800000, 0x0000000602800000, 0x0000000602c00000|  0%| F|  |TAMS 0x0000000602800000, 0x0000000602800000| Untracked 
|   7|0x0000000602c00000, 0x0000000602c00000, 0x0000000603000000|  0%| F|  |TAMS 0x0000000602c00000, 0x0000000602c00000| Untracked 
|   8|0x0000000603000000, 0x0000000603000000, 0x0000000603400000|  0%| F|  |TAMS 0x0000000603000000, 0x0000000603000000| Untracked 
|   9|0x0000000603400000, 0x0000000603400000, 0x0000000603800000|  0%| F|  |TAMS 0x0000000603400000, 0x0000000603400000| Untracked 
|  10|0x0000000603800000, 0x0000000603800000, 0x0000000603c00000|  0%| F|  |TAMS 0x0000000603800000, 0x0000000603800000| Untracked 
|  11|0x0000000603c00000, 0x0000000603c00000, 0x0000000604000000|  0%| F|  |TAMS 0x0000000603c00000, 0x0000000603c00000| Untracked 
|  12|0x0000000604000000, 0x0000000604000000, 0x0000000604400000|  0%| F|  |TAMS 0x0000000604000000, 0x0000000604000000| Untracked 
|  13|0x0000000604400000, 0x0000000604400000, 0x0000000604800000|  0%| F|  |TAMS 0x0000000604400000, 0x0000000604400000| Untracked 
|  14|0x0000000604800000, 0x0000000604800000, 0x0000000604c00000|  0%| F|  |TAMS 0x0000000604800000, 0x0000000604800000| Untracked 
|  15|0x0000000604c00000, 0x0000000604c00000, 0x0000000605000000|  0%| F|  |TAMS 0x0000000604c00000, 0x0000000604c00000| Untracked 
|  16|0x0000000605000000, 0x0000000605000000, 0x0000000605400000|  0%| F|  |TAMS 0x0000000605000000, 0x0000000605000000| Untracked 
|  17|0x0000000605400000, 0x0000000605400000, 0x0000000605800000|  0%| F|  |TAMS 0x0000000605400000, 0x0000000605400000| Untracked 
|  18|0x0000000605800000, 0x0000000605800000, 0x0000000605c00000|  0%| F|  |TAMS 0x0000000605800000, 0x0000000605800000| Untracked 
|  19|0x0000000605c00000, 0x0000000605c00000, 0x0000000606000000|  0%| F|  |TAMS 0x0000000605c00000, 0x0000000605c00000| Untracked 
|  20|0x0000000606000000, 0x0000000606000000, 0x0000000606400000|  0%| F|  |TAMS 0x0000000606000000, 0x0000000606000000| Untracked 
|  21|0x0000000606400000, 0x0000000606400000, 0x0000000606800000|  0%| F|  |TAMS 0x0000000606400000, 0x0000000606400000| Untracked 
|  22|0x0000000606800000, 0x0000000606800000, 0x0000000606c00000|  0%| F|  |TAMS 0x0000000606800000, 0x0000000606800000| Untracked 
|  23|0x0000000606c00000, 0x0000000606c00000, 0x0000000607000000|  0%| F|  |TAMS 0x0000000606c00000, 0x0000000606c00000| Untracked 
|  24|0x0000000607000000, 0x0000000607000000, 0x0000000607400000|  0%| F|  |TAMS 0x0000000607000000, 0x0000000607000000| Untracked 
|  25|0x0000000607400000, 0x0000000607400000, 0x0000000607800000|  0%| F|  |TAMS 0x0000000607400000, 0x0000000607400000| Untracked 
|  26|0x0000000607800000, 0x0000000607800000, 0x0000000607c00000|  0%| F|  |TAMS 0x0000000607800000, 0x0000000607800000| Untracked 
|  27|0x0000000607c00000, 0x0000000607c00000, 0x0000000608000000|  0%| F|  |TAMS 0x0000000607c00000, 0x0000000607c00000| Untracked 
|  28|0x0000000608000000, 0x0000000608000000, 0x0000000608400000|  0%| F|  |TAMS 0x0000000608000000, 0x0000000608000000| Untracked 
|  29|0x0000000608400000, 0x0000000608400000, 0x0000000608800000|  0%| F|  |TAMS 0x0000000608400000, 0x0000000608400000| Untracked 
|  30|0x0000000608800000, 0x0000000608800000, 0x0000000608c00000|  0%| F|  |TAMS 0x0000000608800000, 0x0000000608800000| Untracked 
|  31|0x0000000608c00000, 0x0000000608c00000, 0x0000000609000000|  0%| F|  |TAMS 0x0000000608c00000, 0x0000000608c00000| Untracked 
|  32|0x0000000609000000, 0x0000000609000000, 0x0000000609400000|  0%| F|  |TAMS 0x0000000609000000, 0x0000000609000000| Untracked 
|  33|0x0000000609400000, 0x0000000609400000, 0x0000000609800000|  0%| F|  |TAMS 0x0000000609400000, 0x0000000609400000| Untracked 
|  34|0x0000000609800000, 0x0000000609800000, 0x0000000609c00000|  0%| F|  |TAMS 0x0000000609800000, 0x0000000609800000| Untracked 
|  35|0x0000000609c00000, 0x0000000609c00000, 0x000000060a000000|  0%| F|  |TAMS 0x0000000609c00000, 0x0000000609c00000| Untracked 
|  36|0x000000060a000000, 0x000000060a000000, 0x000000060a400000|  0%| F|  |TAMS 0x000000060a000000, 0x000000060a000000| Untracked 
|  37|0x000000060a400000, 0x000000060a400000, 0x000000060a800000|  0%| F|  |TAMS 0x000000060a400000, 0x000000060a400000| Untracked 
|  38|0x000000060a800000, 0x000000060a800000, 0x000000060ac00000|  0%| F|  |TAMS 0x000000060a800000, 0x000000060a800000| Untracked 
|  39|0x000000060ac00000, 0x000000060ac00000, 0x000000060b000000|  0%| F|  |TAMS 0x000000060ac00000, 0x000000060ac00000| Untracked 
|  40|0x000000060b000000, 0x000000060b000000, 0x000000060b400000|  0%| F|  |TAMS 0x000000060b000000, 0x000000060b000000| Untracked 
|  41|0x000000060b400000, 0x000000060b400000, 0x000000060b800000|  0%| F|  |TAMS 0x000000060b400000, 0x000000060b400000| Untracked 
|  42|0x000000060b800000, 0x000000060b800000, 0x000000060bc00000|  0%| F|  |TAMS 0x000000060b800000, 0x000000060b800000| Untracked 
|  43|0x000000060bc00000, 0x000000060bc00000, 0x000000060c000000|  0%| F|  |TAMS 0x000000060bc00000, 0x000000060bc00000| Untracked 
|  44|0x000000060c000000, 0x000000060c000000, 0x000000060c400000|  0%| F|  |TAMS 0x000000060c000000, 0x000000060c000000| Untracked 
|  45|0x000000060c400000, 0x000000060c400000, 0x000000060c800000|  0%| F|  |TAMS 0x000000060c400000, 0x000000060c400000| Untracked 
|  46|0x000000060c800000, 0x000000060c800000, 0x000000060cc00000|  0%| F|  |TAMS 0x000000060c800000, 0x000000060c800000| Untracked 
|  47|0x000000060cc00000, 0x000000060cc00000, 0x000000060d000000|  0%| F|  |TAMS 0x000000060cc00000, 0x000000060cc00000| Untracked 
|  48|0x000000060d000000, 0x000000060d000000, 0x000000060d400000|  0%| F|  |TAMS 0x000000060d000000, 0x000000060d000000| Untracked 
|  49|0x000000060d400000, 0x000000060d400000, 0x000000060d800000|  0%| F|  |TAMS 0x000000060d400000, 0x000000060d400000| Untracked 
|  50|0x000000060d800000, 0x000000060d800000, 0x000000060dc00000|  0%| F|  |TAMS 0x000000060d800000, 0x000000060d800000| Untracked 
|  51|0x000000060dc00000, 0x000000060dc00000, 0x000000060e000000|  0%| F|  |TAMS 0x000000060dc00000, 0x000000060dc00000| Untracked 
|  52|0x000000060e000000, 0x000000060e000000, 0x000000060e400000|  0%| F|  |TAMS 0x000000060e000000, 0x000000060e000000| Untracked 
|  53|0x000000060e400000, 0x000000060e400000, 0x000000060e800000|  0%| F|  |TAMS 0x000000060e400000, 0x000000060e400000| Untracked 
|  54|0x000000060e800000, 0x000000060e800000, 0x000000060ec00000|  0%| F|  |TAMS 0x000000060e800000, 0x000000060e800000| Untracked 
|  55|0x000000060ec00000, 0x000000060ec00000, 0x000000060f000000|  0%| F|  |TAMS 0x000000060ec00000, 0x000000060ec00000| Untracked 
|  56|0x000000060f000000, 0x000000060f000000, 0x000000060f400000|  0%| F|  |TAMS 0x000000060f000000, 0x000000060f000000| Untracked 
|  57|0x000000060f400000, 0x000000060f400000, 0x000000060f800000|  0%| F|  |TAMS 0x000000060f400000, 0x000000060f400000| Untracked 
|  58|0x000000060f800000, 0x000000060f800000, 0x000000060fc00000|  0%| F|  |TAMS 0x000000060f800000, 0x000000060f800000| Untracked 
|  59|0x000000060fc00000, 0x000000060fc00000, 0x0000000610000000|  0%| F|  |TAMS 0x000000060fc00000, 0x000000060fc00000| Untracked 
|  60|0x0000000610000000, 0x0000000610000000, 0x0000000610400000|  0%| F|  |TAMS 0x0000000610000000, 0x0000000610000000| Untracked 
|  61|0x0000000610400000, 0x0000000610400000, 0x0000000610800000|  0%| F|  |TAMS 0x0000000610400000, 0x0000000610400000| Untracked 
|  62|0x0000000610800000, 0x0000000610800000, 0x0000000610c00000|  0%| F|  |TAMS 0x0000000610800000, 0x0000000610800000| Untracked 
|  63|0x0000000610c00000, 0x0000000610c00000, 0x0000000611000000|  0%| F|  |TAMS 0x0000000610c00000, 0x0000000610c00000| Untracked 
|  64|0x0000000611000000, 0x0000000611000000, 0x0000000611400000|  0%| F|  |TAMS 0x0000000611000000, 0x0000000611000000| Untracked 
|  65|0x0000000611400000, 0x0000000611400000, 0x0000000611800000|  0%| F|  |TAMS 0x0000000611400000, 0x0000000611400000| Untracked 
|  66|0x0000000611800000, 0x0000000611800000, 0x0000000611c00000|  0%| F|  |TAMS 0x0000000611800000, 0x0000000611800000| Untracked 
|  67|0x0000000611c00000, 0x0000000611c00000, 0x0000000612000000|  0%| F|  |TAMS 0x0000000611c00000, 0x0000000611c00000| Untracked 
|  68|0x0000000612000000, 0x0000000612000000, 0x0000000612400000|  0%| F|  |TAMS 0x0000000612000000, 0x0000000612000000| Untracked 
|  69|0x0000000612400000, 0x0000000612400000, 0x0000000612800000|  0%| F|  |TAMS 0x0000000612400000, 0x0000000612400000| Untracked 
|  70|0x0000000612800000, 0x0000000612800000, 0x0000000612c00000|  0%| F|  |TAMS 0x0000000612800000, 0x0000000612800000| Untracked 
|  71|0x0000000612c00000, 0x0000000612c00000, 0x0000000613000000|  0%| F|  |TAMS 0x0000000612c00000, 0x0000000612c00000| Untracked 
|  72|0x0000000613000000, 0x0000000613000000, 0x0000000613400000|  0%| F|  |TAMS 0x0000000613000000, 0x0000000613000000| Untracked 
|  73|0x0000000613400000, 0x0000000613400000, 0x0000000613800000|  0%| F|  |TAMS 0x0000000613400000, 0x0000000613400000| Untracked 
|  74|0x0000000613800000, 0x0000000613800000, 0x0000000613c00000|  0%| F|  |TAMS 0x0000000613800000, 0x0000000613800000| Untracked 
|  75|0x0000000613c00000, 0x0000000613c00000, 0x0000000614000000|  0%| F|  |TAMS 0x0000000613c00000, 0x0000000613c00000| Untracked 
|  76|0x0000000614000000, 0x0000000614000000, 0x0000000614400000|  0%| F|  |TAMS 0x0000000614000000, 0x0000000614000000| Untracked 
|  77|0x0000000614400000, 0x0000000614400000, 0x0000000614800000|  0%| F|  |TAMS 0x0000000614400000, 0x0000000614400000| Untracked 
|  78|0x0000000614800000, 0x0000000614800000, 0x0000000614c00000|  0%| F|  |TAMS 0x0000000614800000, 0x0000000614800000| Untracked 
|  79|0x0000000614c00000, 0x0000000614c00000, 0x0000000615000000|  0%| F|  |TAMS 0x0000000614c00000, 0x0000000614c00000| Untracked 
|  80|0x0000000615000000, 0x0000000615000000, 0x0000000615400000|  0%| F|  |TAMS 0x0000000615000000, 0x0000000615000000| Untracked 
|  81|0x0000000615400000, 0x0000000615400000, 0x0000000615800000|  0%| F|  |TAMS 0x0000000615400000, 0x0000000615400000| Untracked 
|  82|0x0000000615800000, 0x0000000615800000, 0x0000000615c00000|  0%| F|  |TAMS 0x0000000615800000, 0x0000000615800000| Untracked 
|  83|0x0000000615c00000, 0x0000000615c00000, 0x0000000616000000|  0%| F|  |TAMS 0x0000000615c00000, 0x0000000615c00000| Untracked 
|  84|0x0000000616000000, 0x0000000616000000, 0x0000000616400000|  0%| F|  |TAMS 0x0000000616000000, 0x0000000616000000| Untracked 
|  85|0x0000000616400000, 0x0000000616400000, 0x0000000616800000|  0%| F|  |TAMS 0x0000000616400000, 0x0000000616400000| Untracked 
|  86|0x0000000616800000, 0x0000000616800000, 0x0000000616c00000|  0%| F|  |TAMS 0x0000000616800000, 0x0000000616800000| Untracked 
|  87|0x0000000616c00000, 0x0000000616c00000, 0x0000000617000000|  0%| F|  |TAMS 0x0000000616c00000, 0x0000000616c00000| Untracked 
|  88|0x0000000617000000, 0x0000000617000000, 0x0000000617400000|  0%| F|  |TAMS 0x0000000617000000, 0x0000000617000000| Untracked 
|  89|0x0000000617400000, 0x0000000617400000, 0x0000000617800000|  0%| F|  |TAMS 0x0000000617400000, 0x0000000617400000| Untracked 
|  90|0x0000000617800000, 0x0000000617800000, 0x0000000617c00000|  0%| F|  |TAMS 0x0000000617800000, 0x0000000617800000| Untracked 
|  91|0x0000000617c00000, 0x0000000617c00000, 0x0000000618000000|  0%| F|  |TAMS 0x0000000617c00000, 0x0000000617c00000| Untracked 
|  92|0x0000000618000000, 0x0000000618000000, 0x0000000618400000|  0%| F|  |TAMS 0x0000000618000000, 0x0000000618000000| Untracked 
|  93|0x0000000618400000, 0x0000000618400000, 0x0000000618800000|  0%| F|  |TAMS 0x0000000618400000, 0x0000000618400000| Untracked 
|  94|0x0000000618800000, 0x0000000618800000, 0x0000000618c00000|  0%| F|  |TAMS 0x0000000618800000, 0x0000000618800000| Untracked 
|  95|0x0000000618c00000, 0x0000000618c00000, 0x0000000619000000|  0%| F|  |TAMS 0x0000000618c00000, 0x0000000618c00000| Untracked 
|  96|0x0000000619000000, 0x0000000619000000, 0x0000000619400000|  0%| F|  |TAMS 0x0000000619000000, 0x0000000619000000| Untracked 
|  97|0x0000000619400000, 0x0000000619400000, 0x0000000619800000|  0%| F|  |TAMS 0x0000000619400000, 0x0000000619400000| Untracked 
|  98|0x0000000619800000, 0x0000000619800000, 0x0000000619c00000|  0%| F|  |TAMS 0x0000000619800000, 0x0000000619800000| Untracked 
|  99|0x0000000619c00000, 0x0000000619c00000, 0x000000061a000000|  0%| F|  |TAMS 0x0000000619c00000, 0x0000000619c00000| Untracked 
| 100|0x000000061a000000, 0x000000061a000000, 0x000000061a400000|  0%| F|  |TAMS 0x000000061a000000, 0x000000061a000000| Untracked 
| 101|0x000000061a400000, 0x000000061a400000, 0x000000061a800000|  0%| F|  |TAMS 0x000000061a400000, 0x000000061a400000| Untracked 
| 102|0x000000061a800000, 0x000000061a800000, 0x000000061ac00000|  0%| F|  |TAMS 0x000000061a800000, 0x000000061a800000| Untracked 
| 103|0x000000061ac00000, 0x000000061ac00000, 0x000000061b000000|  0%| F|  |TAMS 0x000000061ac00000, 0x000000061ac00000| Untracked 
| 104|0x000000061b000000, 0x000000061b000000, 0x000000061b400000|  0%| F|  |TAMS 0x000000061b000000, 0x000000061b000000| Untracked 
| 105|0x000000061b400000, 0x000000061b400000, 0x000000061b800000|  0%| F|  |TAMS 0x000000061b400000, 0x000000061b400000| Untracked 
| 106|0x000000061b800000, 0x000000061b800000, 0x000000061bc00000|  0%| F|  |TAMS 0x000000061b800000, 0x000000061b800000| Untracked 
| 107|0x000000061bc00000, 0x000000061bc00000, 0x000000061c000000|  0%| F|  |TAMS 0x000000061bc00000, 0x000000061bc00000| Untracked 
| 108|0x000000061c000000, 0x000000061c000000, 0x000000061c400000|  0%| F|  |TAMS 0x000000061c000000, 0x000000061c000000| Untracked 
| 109|0x000000061c400000, 0x000000061c400000, 0x000000061c800000|  0%| F|  |TAMS 0x000000061c400000, 0x000000061c400000| Untracked 
| 110|0x000000061c800000, 0x000000061c800000, 0x000000061cc00000|  0%| F|  |TAMS 0x000000061c800000, 0x000000061c800000| Untracked 
| 111|0x000000061cc00000, 0x000000061cc00000, 0x000000061d000000|  0%| F|  |TAMS 0x000000061cc00000, 0x000000061cc00000| Untracked 
| 112|0x000000061d000000, 0x000000061d000000, 0x000000061d400000|  0%| F|  |TAMS 0x000000061d000000, 0x000000061d000000| Untracked 
| 113|0x000000061d400000, 0x000000061d400000, 0x000000061d800000|  0%| F|  |TAMS 0x000000061d400000, 0x000000061d400000| Untracked 
| 114|0x000000061d800000, 0x000000061d800000, 0x000000061dc00000|  0%| F|  |TAMS 0x000000061d800000, 0x000000061d800000| Untracked 
| 115|0x000000061dc00000, 0x000000061dc00000, 0x000000061e000000|  0%| F|  |TAMS 0x000000061dc00000, 0x000000061dc00000| Untracked 
| 116|0x000000061e000000, 0x000000061e000000, 0x000000061e400000|  0%| F|  |TAMS 0x000000061e000000, 0x000000061e000000| Untracked 
| 117|0x000000061e400000, 0x000000061e400000, 0x000000061e800000|  0%| F|  |TAMS 0x000000061e400000, 0x000000061e400000| Untracked 
| 118|0x000000061e800000, 0x000000061e800000, 0x000000061ec00000|  0%| F|  |TAMS 0x000000061e800000, 0x000000061e800000| Untracked 
| 119|0x000000061ec00000, 0x000000061ec00000, 0x000000061f000000|  0%| F|  |TAMS 0x000000061ec00000, 0x000000061ec00000| Untracked 
| 120|0x000000061f000000, 0x000000061f000000, 0x000000061f400000|  0%| F|  |TAMS 0x000000061f000000, 0x000000061f000000| Untracked 
| 121|0x000000061f400000, 0x000000061f400000, 0x000000061f800000|  0%| F|  |TAMS 0x000000061f400000, 0x000000061f400000| Untracked 
| 122|0x000000061f800000, 0x000000061f800000, 0x000000061fc00000|  0%| F|  |TAMS 0x000000061f800000, 0x000000061f800000| Untracked 
| 123|0x000000061fc00000, 0x000000061fe6fee8, 0x0000000620000000| 60%| E|  |TAMS 0x000000061fc00000, 0x000000061fc00000| Complete 
| 124|0x0000000620000000, 0x0000000620400000, 0x0000000620400000|100%| E|CS|TAMS 0x0000000620000000, 0x0000000620000000| Complete 
| 125|0x0000000620400000, 0x0000000620800000, 0x0000000620800000|100%| E|CS|TAMS 0x0000000620400000, 0x0000000620400000| Complete 
| 126|0x0000000620800000, 0x0000000620c00000, 0x0000000620c00000|100%| E|CS|TAMS 0x0000000620800000, 0x0000000620800000| Complete 
| 127|0x0000000620c00000, 0x0000000621000000, 0x0000000621000000|100%| E|CS|TAMS 0x0000000620c00000, 0x0000000620c00000| Complete 

Card table byte_map: [0x0000023fc6c40000,0x0000023fc7c40000] _byte_map_base: 0x0000023fc3c38000

Marking Bits (Prev, Next): (CMBitMap*) 0x0000023fae1ff500, (CMBitMap*) 0x0000023fae1ff540
 Prev Bits: [0x0000023fc8c40000, 0x0000023fd0c00000)
 Next Bits: [0x0000023fd0c00000, 0x0000023fd8bc0000)

Polling page: 0x0000023fac0f0000

Metaspace:

Usage:
  Non-class:      7.56 MB capacity,     6.86 MB ( 91%) used,   711.88 KB (  9%) free+waste,     8.50 KB ( <1%) overhead. 
      Class:    747.00 KB capacity,   632.64 KB ( 85%) used,   111.23 KB ( 15%) free+waste,     3.12 KB ( <1%) overhead. 
       Both:      8.29 MB capacity,     7.48 MB ( 90%) used,   823.12 KB ( 10%) free+waste,    11.62 KB ( <1%) overhead. 

Virtual space:
  Non-class space:        8.00 MB reserved,       7.75 MB ( 97%) committed 
      Class space:        1.00 GB reserved,     768.00 KB ( <1%) committed 
             Both:        1.01 GB reserved,       8.50 MB ( <1%) committed 

Chunk freelists:
   Non-Class:  129.00 KB
       Class:  21.00 KB
        Both:  150.00 KB

MaxMetaspaceSize: 17179869184.00 GB
CompressedClassSpaceSize: 1.00 GB

CodeHeap 'non-profiled nmethods': size=119168Kb used=373Kb max_used=373Kb free=118794Kb
 bounds [0x0000023fbdf60000, 0x0000023fbe1d0000, 0x0000023fc53c0000]
CodeHeap 'profiled nmethods': size=119104Kb used=2404Kb max_used=2404Kb free=116699Kb
 bounds [0x0000023fb6b10000, 0x0000023fb6d80000, 0x0000023fbdf60000]
CodeHeap 'non-nmethods': size=7488Kb used=2431Kb max_used=3012Kb free=5056Kb
 bounds [0x0000023fb63c0000, 0x0000023fb66c0000, 0x0000023fb6b10000]
 total_blobs=1982 nmethods=1378 adapters=515
 compilation: enabled
              stopped_count=0, restarted_count=0
 full_count=0

Compilation events (20 events):
Event: 3.748 Thread 0x0000023fdc571470 nmethod 1365 0x0000023fbdfbbb90 code [0x0000023fbdfbbd20, 0x0000023fbdfbbe38]
Event: 3.748 Thread 0x0000023fdc56ef50 1369       1       com.badlogic.gdx.scenes.scene2d.Event::setTarget (6 bytes)
Event: 3.748 Thread 0x0000023fdc571470 1370       1       com.badlogic.gdx.scenes.scene2d.Event::getBubbles (5 bytes)
Event: 3.748 Thread 0x0000023fdc45c100 nmethod 1368 0x0000023fbdfbbe90 code [0x0000023fbdfbc020, 0x0000023fbdfbc0d8]
Event: 3.748 Thread 0x0000023fdc45c100 1371       1       com.badlogic.gdx.scenes.scene2d.Event::isHandled (5 bytes)
Event: 3.748 Thread 0x0000023fdc56ef50 nmethod 1369 0x0000023fbdfbc190 code [0x0000023fbdfbc320, 0x0000023fbdfbc438]
Event: 3.748 Thread 0x0000023fdc571470 nmethod 1370 0x0000023fbdfbc490 code [0x0000023fbdfbc620, 0x0000023fbdfbc6d8]
Event: 3.748 Thread 0x0000023fdc45c100 nmethod 1371 0x0000023fbdfbc790 code [0x0000023fbdfbc920, 0x0000023fbdfbc9d8]
Event: 3.933 Thread 0x0000023fdc45c100 1374       3       com.badlogic.gdx.math.Frustum::update (263 bytes)
Event: 3.933 Thread 0x0000023fdc56ef50 1372       3       com.badlogic.gdx.math.Matrix4::inv (1502 bytes)
Event: 3.933 Thread 0x0000023fdc571470 1373       3       com.badlogic.gdx.math.Matrix4::det (444 bytes)
Event: 3.933 Thread 0x0000023fdc571470 nmethod 1373 0x0000023fb6d66590 code [0x0000023fb6d66740, 0x0000023fb6d66b78]
Event: 3.933 Thread 0x0000023fdc45c100 nmethod 1374 0x0000023fb6d66d10 code [0x0000023fb6d66fa0, 0x0000023fb6d678d8]
Event: 3.933 Thread 0x0000023fdc56ef50 nmethod 1372 0x0000023fb6d68010 code [0x0000023fb6d681e0, 0x0000023fb6d68cc8]
Event: 3.948 Thread 0x0000023fdc44f040 1376       4       com.badlogic.gdx.math.Matrix4::set (17 bytes)
Event: 3.949 Thread 0x0000023fdc44f040 nmethod 1376 0x0000023fbdfbcf10 code [0x0000023fbdfbd080, 0x0000023fbdfbd178]
Event: 4.082 Thread 0x0000023fdc56ef50 1377       3       java.lang.Math::round (56 bytes)
Event: 4.083 Thread 0x0000023fdc56ef50 nmethod 1377 0x0000023fb6d68e90 code [0x0000023fb6d69020, 0x0000023fb6d691f8]
Event: 4.115 Thread 0x0000023fdc44f040 1378       4       java.nio.MappedByteBuffer::position (6 bytes)
Event: 4.116 Thread 0x0000023fdc44f040 nmethod 1378 0x0000023fbdfbd290 code [0x0000023fbdfbd400, 0x0000023fbdfbd4d8]

GC Heap History (0 events):
No events

Deoptimization events (20 events):
Event: 0.681 Thread 0x0000023fe3c3d170 Uncommon trap: trap_request=0xffffff45 fr.pc=0x0000023fbdfa0ca4 relative=0x0000000000001084
Event: 0.681 Thread 0x0000023fe3c3d170 Uncommon trap: reason=unstable_if action=reinterpret pc=0x0000023fbdfa0ca4 method=java.io.BufferedReader.readLine(Z)Ljava/lang/String; @ 22 c2
Event: 0.681 Thread 0x0000023fe3c3d170 DEOPT PACKING pc=0x0000023fbdfa0ca4 sp=0x000000face13eba0
Event: 0.681 Thread 0x0000023fe3c3d170 DEOPT UNPACKING pc=0x0000023fb640e42f sp=0x000000face13eb58 mode 2
Event: 1.182 Thread 0x0000023fe3c3d170 DEOPT PACKING pc=0x0000023fb6cf89c0 sp=0x000000face13eec0
Event: 1.182 Thread 0x0000023fe3c3d170 DEOPT UNPACKING pc=0x0000023fb640e23f sp=0x000000face13e458 mode 0
Event: 1.198 Thread 0x0000023fe3c3d170 DEOPT PACKING pc=0x0000023fb6cfb5e2 sp=0x000000face13eed0
Event: 1.198 Thread 0x0000023fe3c3d170 DEOPT UNPACKING pc=0x0000023fb640e23f sp=0x000000face13e458 mode 0
Event: 1.232 Thread 0x0000023fe3c3d170 DEOPT PACKING pc=0x0000023fb6cfb5e2 sp=0x000000face13eed0
Event: 1.232 Thread 0x0000023fe3c3d170 DEOPT UNPACKING pc=0x0000023fb640e23f sp=0x000000face13e458 mode 0
Event: 1.248 Thread 0x0000023fe3c3d170 DEOPT PACKING pc=0x0000023fb6cfb5e2 sp=0x000000face13eed0
Event: 1.248 Thread 0x0000023fe3c3d170 DEOPT UNPACKING pc=0x0000023fb640e23f sp=0x000000face13e458 mode 0
Event: 1.264 Thread 0x0000023fe3c3d170 DEOPT PACKING pc=0x0000023fb6cfb5e2 sp=0x000000face13eed0
Event: 1.264 Thread 0x0000023fe3c3d170 DEOPT UNPACKING pc=0x0000023fb640e23f sp=0x000000face13e458 mode 0
Event: 1.281 Thread 0x0000023fe3c3d170 DEOPT PACKING pc=0x0000023fb6cfb5e2 sp=0x000000face13eed0
Event: 1.281 Thread 0x0000023fe3c3d170 DEOPT UNPACKING pc=0x0000023fb640e23f sp=0x000000face13e458 mode 0
Event: 4.049 Thread 0x0000023fe3c3d170 Uncommon trap: trap_request=0xffffff45 fr.pc=0x0000023fbdfb618c relative=0x000000000000008c
Event: 4.049 Thread 0x0000023fe3c3d170 Uncommon trap: reason=unstable_if action=reinterpret pc=0x0000023fbdfb618c method=java.lang.Math.round(F)I @ 36 c2
Event: 4.049 Thread 0x0000023fe3c3d170 DEOPT PACKING pc=0x0000023fbdfb618c sp=0x000000face13e850
Event: 4.049 Thread 0x0000023fe3c3d170 DEOPT UNPACKING pc=0x0000023fb640e42f sp=0x000000face13e7c8 mode 2

Classes unloaded (0 events):
No events

Classes redefined (0 events):
No events

Internal exceptions (10 events):
Event: 0.052 Thread 0x0000023fae185250 Exception <a 'java/lang/ClassNotFoundException'{0x0000000620e38230}: sun/awt/resources/spi/awtProvider> (0x0000000620e38230) 
thrown [./open/src/hotspot/share/classfile/systemDictionary.cpp, line 295]
Event: 0.066 Thread 0x0000023fae185250 Exception <a 'java/io/FileNotFoundException'{0x0000000620e965c8}> (0x0000000620e965c8) 
thrown [./open/src/hotspot/share/prims/jni.cpp, line 578]
Event: 0.070 Thread 0x0000023fae185250 Exception <a 'java/io/FileNotFoundException'{0x0000000620ec4e68}> (0x0000000620ec4e68) 
thrown [./open/src/hotspot/share/prims/jni.cpp, line 578]
Event: 0.070 Thread 0x0000023fae185250 Exception <a 'java/lang/NoSuchMethodError'{0x0000000620ec60f0}: 'java.lang.Object java.lang.invoke.DirectMethodHandle$Holder.invokeStatic(java.lang.Object)'> (0x0000000620ec60f0) 
thrown [./open/src/hotspot/share/interpreter/linkResolver.cpp, line 782]
Event: 0.072 Thread 0x0000023fae185250 Exception <a 'java/lang/NoSuchMethodError'{0x0000000620ed3a80}: 'void java.lang.invoke.DirectMethodHandle$Holder.invokeSpecial(java.lang.Object, java.lang.Object, java.lang.Object)'> (0x0000000620ed3a80) 
thrown [./open/src/hotspot/share/interpreter/linkResolver.cpp, line 782]
Event: 0.094 Thread 0x0000023fae185250 Exception <a 'java/lang/NoSuchMethodError'{0x0000000620fc2578}: 'java.lang.Object java.lang.invoke.DirectMethodHandle$Holder.invokeStaticInit(java.lang.Object)'> (0x0000000620fc2578) 
thrown [./open/src/hotspot/share/interpreter/linkResolver.cpp, line 782]
Event: 0.245 Thread 0x0000023fae185250 Exception <a 'java/lang/NoSuchMethodError'{0x00000006209767b8}: 'void java.lang.invoke.DirectMethodHandle$Holder.invokeStatic(java.lang.Object, java.lang.Object)'> (0x00000006209767b8) 
thrown [./open/src/hotspot/share/interpreter/linkResolver.cpp, line 782]
Event: 0.245 Thread 0x0000023fae185250 Exception <a 'java/lang/NoSuchMethodError'{0x000000062097a2d8}: 'void java.lang.invoke.DirectMethodHandle$Holder.invokeStaticInit(java.lang.Object, java.lang.Object)'> (0x000000062097a2d8) 
thrown [./open/src/hotspot/share/interpreter/linkResolver.cpp, line 782]
Event: 0.249 Thread 0x0000023fae185250 Exception <a 'java/lang/NoSuchMethodError'{0x00000006209a7520}: 'java.lang.Object java.lang.invoke.DirectMethodHandle$Holder.invokeStaticInit(java.lang.Object, int, int, int, int)'> (0x00000006209a7520) 
thrown [./open/src/hotspot/share/interpreter/linkResolver.cpp, line 782]
Event: 0.274 Thread 0x0000023fae185250 Exception <a 'java/lang/NoSuchMethodError'{0x0000000620a675a0}: 'java.lang.Object java.lang.invoke.DirectMethodHandle$Holder.invokeStaticInit(java.lang.Object, java.lang.Object, int, int, int, int)'> (0x0000000620a675a0) 
thrown [./open/src/hotspot/share/interpreter/linkResolver.cpp, line 782]

Events (20 events):
Event: 1.218 loading class jdk/internal/access/JavaAWTAccess done
Event: 1.218 loading class sun/awt/AppContext$6 done
Event: 1.218 loading class java/util/IdentityHashMap$ValueIterator
Event: 1.218 loading class java/util/IdentityHashMap$ValueIterator done
Event: 1.218 Thread 0x0000023fdca39210 Thread exited: 0x0000023fdca39210
Event: 1.399 Loaded shared library C:\Users\yorbe\AppData\Local\Temp\libgdxyorbe\1cecf4f6\lwjgl64.dll
Event: 1.400 Loaded shared library C:\Users\yorbe\AppData\Local\Temp\libgdxyorbe\1cecf4f6\lwjgl64.dll
Event: 1.584 Loaded shared library C:\Users\yorbe\AppData\Local\Temp\libgdxyorbe\1cecf4f6\lwjgl64.dll
Event: 1.600 Loaded shared library C:\Users\yorbe\AppData\Local\Temp\libgdxyorbe\1cecf4f6\lwjgl64.dll
Event: 1.617 Loaded shared library C:\Users\yorbe\AppData\Local\Temp\libgdxyorbe\1cecf4f6\lwjgl64.dll
Event: 2.017 Executing VM operation: HandshakeAllThreads
Event: 2.017 Executing VM operation: HandshakeAllThreads done
Event: 2.033 Loaded shared library C:\Users\yorbe\AppData\Local\Temp\libgdxyorbe\1cecf4f6\lwjgl64.dll
Event: 2.214 Loaded shared library C:\Users\yorbe\.jdks\openjdk-15.0.2\bin\java.dll
Event: 2.350 Loaded shared library C:\Users\yorbe\AppData\Local\Temp\libgdxyorbe\1cecf4f6\lwjgl64.dll
Event: 2.399 Loaded shared library C:\Users\yorbe\.jdks\openjdk-15.0.2\bin\java.dll
Event: 2.884 Loaded shared library C:\Users\yorbe\AppData\Local\Temp\libgdxyorbe\1cecf4f6\lwjgl64.dll
Event: 2.885 Loaded shared library C:\Users\yorbe\AppData\Local\Temp\libgdxyorbe\1cecf4f6\lwjgl64.dll
Event: 3.466 Thread 0x0000023fdcb59b50 Thread exited: 0x0000023fdcb59b50
Event: 3.933 Loaded shared library C:\Users\yorbe\AppData\Local\Temp\libgdxyorbe\6bae761b\gdx64.dll


Dynamic libraries:
0x00007ff7d4e30000 - 0x00007ff7d4e3d000 	C:\Users\yorbe\.jdks\openjdk-15.0.2\bin\java.exe
0x00007ffcd4370000 - 0x00007ffcd4565000 	C:\Windows\SYSTEM32\ntdll.dll
0x00007ffcd2de0000 - 0x00007ffcd2e9d000 	C:\Windows\System32\KERNEL32.DLL
0x00007ffcd1d40000 - 0x00007ffcd2009000 	C:\Windows\System32\KERNELBASE.dll
0x00007ffcd2010000 - 0x00007ffcd2110000 	C:\Windows\System32\ucrtbase.dll
0x00007ffcc7a90000 - 0x00007ffcc7aa8000 	C:\Users\yorbe\.jdks\openjdk-15.0.2\bin\jli.dll
0x00007ffcc7ab0000 - 0x00007ffcc7ac9000 	C:\Users\yorbe\.jdks\openjdk-15.0.2\bin\VCRUNTIME140.dll
0x00007ffcd3050000 - 0x00007ffcd31f0000 	C:\Windows\System32\USER32.dll
0x00007ffcd2110000 - 0x00007ffcd2132000 	C:\Windows\System32\win32u.dll
0x00007ffcc2c70000 - 0x00007ffcc2f0a000 	C:\Windows\WinSxS\amd64_microsoft.windows.common-controls_6595b64144ccf1df_6.0.19041.844_none_ca00b6081b84eb1d\COMCTL32.dll
0x00007ffcd2ea0000 - 0x00007ffcd2eca000 	C:\Windows\System32\GDI32.dll
0x00007ffcd25e0000 - 0x00007ffcd267e000 	C:\Windows\System32\msvcrt.dll
0x00007ffcd1ab0000 - 0x00007ffcd1bbb000 	C:\Windows\System32\gdi32full.dll
0x00007ffcd2330000 - 0x00007ffcd23cd000 	C:\Windows\System32\msvcp_win.dll
0x00007ffcd2db0000 - 0x00007ffcd2de0000 	C:\Windows\System32\IMM32.DLL
0x00007ffccf350000 - 0x00007ffccf35c000 	C:\Users\yorbe\.jdks\openjdk-15.0.2\bin\vcruntime140_1.dll
0x00007ffc98460000 - 0x00007ffc984f1000 	C:\Users\yorbe\.jdks\openjdk-15.0.2\bin\msvcp140.dll
0x00007ffc42020000 - 0x00007ffc42b7e000 	C:\Users\yorbe\.jdks\openjdk-15.0.2\bin\server\jvm.dll
0x00007ffcd4200000 - 0x00007ffcd42ac000 	C:\Windows\System32\ADVAPI32.dll
0x00007ffcd3260000 - 0x00007ffcd32fc000 	C:\Windows\System32\sechost.dll
0x00007ffcd3b30000 - 0x00007ffcd3c5b000 	C:\Windows\System32\RPCRT4.dll
0x00007ffcd2680000 - 0x00007ffcd2688000 	C:\Windows\System32\PSAPI.DLL
0x00007ffccc470000 - 0x00007ffccc479000 	C:\Windows\SYSTEM32\WSOCK32.dll
0x00007ffcc6b10000 - 0x00007ffcc6b37000 	C:\Windows\SYSTEM32\WINMM.dll
0x00007ffccb730000 - 0x00007ffccb73a000 	C:\Windows\SYSTEM32\VERSION.dll
0x00007ffcd31f0000 - 0x00007ffcd325b000 	C:\Windows\System32\WS2_32.dll
0x00007ffccfa30000 - 0x00007ffccfa42000 	C:\Windows\SYSTEM32\kernel.appcore.dll
0x00007ffccf330000 - 0x00007ffccf33a000 	C:\Users\yorbe\.jdks\openjdk-15.0.2\bin\jimage.dll
0x00007ffcc4160000 - 0x00007ffcc4344000 	C:\Windows\SYSTEM32\DBGHELP.DLL
0x00007ffcbafc0000 - 0x00007ffcbafec000 	C:\Windows\SYSTEM32\dbgcore.DLL
0x00007ffcd1cc0000 - 0x00007ffcd1d40000 	C:\Windows\System32\bcryptPrimitives.dll
0x00007ffcc64d0000 - 0x00007ffcc64f5000 	C:\Users\yorbe\.jdks\openjdk-15.0.2\bin\java.dll
0x00007ffcd3300000 - 0x00007ffcd3a42000 	C:\Windows\System32\SHELL32.dll
0x00007ffccfc30000 - 0x00007ffcd03c0000 	C:\Windows\SYSTEM32\windows.storage.dll
0x00007ffcd2870000 - 0x00007ffcd2bc5000 	C:\Windows\System32\combase.dll
0x00007ffcd1520000 - 0x00007ffcd154c000 	C:\Windows\SYSTEM32\Wldp.dll
0x00007ffcd2d00000 - 0x00007ffcd2dae000 	C:\Windows\System32\SHCORE.dll
0x00007ffcd3ad0000 - 0x00007ffcd3b25000 	C:\Windows\System32\shlwapi.dll
0x00007ffcd19f0000 - 0x00007ffcd1a0f000 	C:\Windows\SYSTEM32\profapi.dll
0x00007ffcb48c0000 - 0x00007ffcb48d9000 	C:\Users\yorbe\.jdks\openjdk-15.0.2\bin\net.dll
0x00007ffcca9e0000 - 0x00007ffccaaec000 	C:\Windows\SYSTEM32\WINHTTP.dll
0x00007ffcd12a0000 - 0x00007ffcd130a000 	C:\Windows\system32\mswsock.dll
0x00007ffcb48a0000 - 0x00007ffcb48b2000 	C:\Users\yorbe\.jdks\openjdk-15.0.2\bin\nio.dll
0x00007ffcb4880000 - 0x00007ffcb4898000 	C:\Users\yorbe\.jdks\openjdk-15.0.2\bin\zip.dll
0x00007ffc4b3f0000 - 0x00007ffc4b56f000 	C:\Users\yorbe\.jdks\openjdk-15.0.2\bin\awt.dll
0x00007ffcd2ed0000 - 0x00007ffcd2f9d000 	C:\Windows\System32\OLEAUT32.dll
0x00007ffccf3a0000 - 0x00007ffccf430000 	C:\Windows\SYSTEM32\apphelp.dll
0x00007ffccf850000 - 0x00007ffccf87f000 	C:\Windows\system32\DWMAPI.DLL
0x00007ffccf4d0000 - 0x00007ffccf56e000 	C:\Windows\system32\uxtheme.dll
0x00007ffc89d60000 - 0x00007ffc89e86000 	C:\Windows\system32\opengl32.dll
0x00007ffcae3d0000 - 0x00007ffcae3fc000 	C:\Windows\SYSTEM32\GLU32.dll
0x00007ffcd3c70000 - 0x00007ffcd3d85000 	C:\Windows\System32\MSCTF.dll
0x00007ffcd2bd0000 - 0x00007ffcd2cfa000 	C:\Windows\System32\ole32.dll
0x00007ffcc7840000 - 0x00007ffcc7a0f000 	C:\Windows\system32\d3d9.dll
0x00007ffcc80c0000 - 0x00007ffcc81c5000 	C:\Windows\System32\DriverStore\FileRepository\nv_dispi.inf_amd64_8e68f77150e57b50\nvldumdx.dll
0x00007ffcd16a0000 - 0x00007ffcd16b2000 	C:\Windows\SYSTEM32\msasn1.dll
0x00007ffccb530000 - 0x00007ffccb561000 	C:\Windows\SYSTEM32\cryptnet.dll
0x00007ffcd21d0000 - 0x00007ffcd232f000 	C:\Windows\System32\CRYPT32.dll
0x00007ffcd1490000 - 0x00007ffcd149c000 	C:\Windows\SYSTEM32\cryptbase.dll
0x00007ffcd2170000 - 0x00007ffcd21d0000 	C:\Windows\System32\WINTRUST.DLL
0x00007ffcd42b0000 - 0x00007ffcd42cd000 	C:\Windows\System32\imagehlp.dll
0x00007ffcd1470000 - 0x00007ffcd1488000 	C:\Windows\SYSTEM32\CRYPTSP.dll
0x00007ffcd0bd0000 - 0x00007ffcd0c04000 	C:\Windows\system32\rsaenh.dll
0x00007ffcd2140000 - 0x00007ffcd2167000 	C:\Windows\System32\bcrypt.dll
0x00007ffc6c690000 - 0x00007ffc6e2d7000 	C:\Windows\System32\DriverStore\FileRepository\nv_dispi.inf_amd64_8e68f77150e57b50\nvd3dumx.dll
0x00007ffc825b0000 - 0x00007ffc82869000 	C:\Windows\system32\nvspcap64.dll
0x00007ffcd0800000 - 0x00007ffcd0833000 	C:\Windows\SYSTEM32\ntmarta.dll
0x00007ffcd03d0000 - 0x00007ffcd03f3000 	C:\Windows\SYSTEM32\gpapi.dll
0x00007ffcca340000 - 0x00007ffcca37b000 	C:\Windows\SYSTEM32\dxcore.dll
0x00007ffcd1c70000 - 0x00007ffcd1cbe000 	C:\Windows\System32\cfgmgr32.dll
0x0000000065ac0000 - 0x0000000065aea000 	C:\Users\yorbe\AppData\Local\Temp\libgdxyorbe\6bae761b\gdx64.dll
0x00007ffcd19b0000 - 0x00007ffcd19de000 	C:\Windows\SYSTEM32\USERENV.dll
0x00007ffcd0f40000 - 0x00007ffcd0f7b000 	C:\Windows\SYSTEM32\IPHLPAPI.DLL
0x00007ffcd3c60000 - 0x00007ffcd3c68000 	C:\Windows\System32\NSI.dll
0x00007ffccba10000 - 0x00007ffccba27000 	C:\Windows\SYSTEM32\dhcpcsvc6.DLL
0x00007ffccb9f0000 - 0x00007ffccba0d000 	C:\Windows\SYSTEM32\dhcpcsvc.DLL
0x00007ffcd0f80000 - 0x00007ffcd104b000 	C:\Windows\SYSTEM32\DNSAPI.dll
0x00007ffccc9f0000 - 0x00007ffccca00000 	C:\Users\yorbe\.jdks\openjdk-15.0.2\bin\verify.dll
0x0000000180000000 - 0x0000000180053000 	C:\Users\yorbe\AppData\Local\Temp\libgdxyorbe\1cecf4f6\lwjgl64.dll
0x0000023fe47f0000 - 0x0000023fe4854000 	C:\Users\yorbe\AppData\Local\Temp\libgdxyorbe\1cecf4f6\OpenAL64.dll
0x00007ffcd2fa0000 - 0x00007ffcd3049000 	C:\Windows\System32\clbcatq.dll
0x00007ffccbf00000 - 0x00007ffccbf85000 	C:\Windows\System32\MMDevApi.dll
0x00007ffcd1860000 - 0x00007ffcd188c000 	C:\Windows\System32\DEVOBJ.dll
0x00007ffc97b40000 - 0x00007ffc97bdc000 	C:\Windows\SYSTEM32\dsound.dll
0x00007ffcd1060000 - 0x00007ffcd10ab000 	C:\Windows\SYSTEM32\powrprof.dll
0x00007ffccc0f0000 - 0x00007ffccc116000 	C:\Windows\SYSTEM32\winmmbase.dll
0x00007ffcd0f20000 - 0x00007ffcd0f32000 	C:\Windows\SYSTEM32\UMPDC.dll
0x00007ffca2170000 - 0x00007ffca22f5000 	C:\Windows\SYSTEM32\AUDIOSES.DLL
0x00007ffccf650000 - 0x00007ffccf664000 	C:\Windows\SYSTEM32\resourcepolicyclient.dll
0x00007ffcca7d0000 - 0x00007ffcca87e000 	C:\Windows\SYSTEM32\mscms.dll
0x00007ffcca8f0000 - 0x00007ffcca901000 	C:\Windows\SYSTEM32\ColorAdapterClient.dll
0x00007ffcc89a0000 - 0x00007ffcc8a9b000 	C:\Windows\SYSTEM32\textinputframework.dll
0x00007ffccebe0000 - 0x00007ffccef3e000 	C:\Windows\System32\CoreUIComponents.dll
0x00007ffccef40000 - 0x00007ffccf032000 	C:\Windows\System32\CoreMessaging.dll
0x00007ffcce310000 - 0x00007ffcce464000 	C:\Windows\SYSTEM32\wintypes.dll
0x00007ffccbcc0000 - 0x00007ffccbdba000 	C:\Windows\System32\AppXDeploymentClient.dll
0x00007ffc3b9c0000 - 0x00007ffc3e348000 	C:\Windows\System32\DriverStore\FileRepository\nv_dispi.inf_amd64_8e68f77150e57b50\nvoglv64.dll
0x00007ffcd3d90000 - 0x00007ffcd41f9000 	C:\Windows\System32\SETUPAPI.dll
0x00007ffcccc00000 - 0x00007ffcccc14000 	C:\Windows\SYSTEM32\WTSAPI32.dll
0x00007ffc6ac40000 - 0x00007ffc6ac83000 	C:\Windows\SYSTEM32\icm32.dll
0x00007ffcd0870000 - 0x00007ffcd08ca000 	C:\Windows\SYSTEM32\WINSTA.dll
0x00007ffc691f0000 - 0x00007ffc69279000 	C:\Program Files (x86)\Overwolf\0.166.1.13\OWExplorer.dll

dbghelp: loaded successfully - version: 4.0.5 - missing functions: none
symbol engine: initialized successfully - sym options: 0x614 - pdb path: .;C:\Users\yorbe\.jdks\openjdk-15.0.2\bin;C:\Windows\SYSTEM32;C:\Windows\WinSxS\amd64_microsoft.windows.common-controls_6595b64144ccf1df_6.0.19041.844_none_ca00b6081b84eb1d;C:\Users\yorbe\.jdks\openjdk-15.0.2\bin\server;C:\Windows\System32\DriverStore\FileRepository\nv_dispi.inf_amd64_8e68f77150e57b50;C:\Users\yorbe\AppData\Local\Temp\libgdxyorbe\6bae761b;C:\Users\yorbe\AppData\Local\Temp\libgdxyorbe\1cecf4f6;C:\Program Files (x86)\Overwolf\0.166.1.13

VM Arguments:
jvm_args: -Dfile.encoding=windows-1252 -Duser.country=NL -Duser.language=nl -Duser.variant 
java_command: com.mygdx.game.desktop.DesktopLauncher
java_class_path (initial): C:\Users\yorbe\Desktop\Bapao Invaders\Game\desktop\build\classes\java\main;C:\Users\yorbe\Desktop\Bapao Invaders\Game\desktop\build\resources\main;C:\Users\yorbe\.gradle\caches\modules-2\files-2.1\com.badlogicgames.gdx\gdx-tools\1.9.14\44911247a158df290b72c90e536a0988c4dce5e5\gdx-tools-1.9.14.jar;C:\Users\yorbe\.gradle\caches\modules-2\files-2.1\com.badlogicgames.gdx\gdx-backend-lwjgl\1.9.14\76d214441fa6faed9a4b9a2c02473f0d0a467a52\gdx-backend-lwjgl-1.9.14.jar;C:\Users\yorbe\.gradle\caches\modules-2\files-2.1\com.badlogicgames.gdx\gdx-platform\1.9.14\c972092618b729ebfec229c9214fb9e87861fb7a\gdx-platform-1.9.14-natives-desktop.jar;C:\Users\yorbe\.gradle\caches\modules-2\files-2.1\com.badlogicgames.gdx\gdx-box2d-platform\1.9.14\3c70a6038ec970ae49f96292ed48bd2a098a7f47\gdx-box2d-platform-1.9.14-natives-desktop.jar;C:\Users\yorbe\Desktop\Bapao Invaders\Game\core\build\libs\core-1.0.jar;C:\Users\yorbe\.gradle\caches\modules-2\files-2.1\com.badlogicgames.gdx\gdx-backend-headless\1.9.14\9835096bffeab198decb2d3a5e6106be383f7141\gdx-backend-headless-1.9.14.jar;C:\Users\yorbe\.gradle\caches\modules-2\files-2.1\com.badlogicgames.gdx\gdx-freetype\1.9.14\a25090346bd74a30e7b62da2a7f8e9cd225c4830\gdx-freetype-1.9.14.jar;C:\Users\yorbe\.gradle\caches\modules-2\files-2.1\com.badlogicgames.gdx\gdx-box2d\1.9.14\1c52434c5c7ad1a19e08dcc53047eb1cd79b5e62\gdx-box2d-1.9.14.jar;C:\Users\yorbe\.gradle\caches\modules-2\files-2.1\com.badlogicgames.gdx\gdx\1.9.14\42b1ca02aabd2aa248dc0a6beb0ea0f9f003a44d\gdx-1.9.14.jar;C:\Users\yorbe\.gradle\caches\modules-2\files-2.1\org.lwjgl.lwjgl\lwjgl_util\2.9.3\751f06b62424da056954c67288fd5c494431e350\lwjgl_util-2.9.3.jar;C:\Users\yorbe\.gradle\caches\modules-2\files-2.1\org.lwjgl.lwjgl\lwjgl\2.9.3\3df168ac74e4a8c96562cdff24ad352e255bf89c\lwjgl-2.9.3.jar;C:\Users\yorbe\.gradle\caches\modules-2\files-2.1\com.badlogicgames.jlayer\jlayer\1.0.1-gdx\7cca83cec5c1b2f011362f4d85aabd71a73b049d\jlayer-1.0.1-gdx.jar;C:\Users\yorbe\.gradle
Launcher Type: SUN_STANDARD

[Global flags]
     intx CICompilerCount                          = 12                                        {product} {ergonomic}
     uint ConcGCThreads                            = 3                                         {product} {ergonomic}
     uint G1ConcRefinementThreads                  = 13                                        {product} {ergonomic}
   size_t G1HeapRegionSize                         = 4194304                                   {product} {ergonomic}
    uintx GCDrainStackTargetSize                   = 64                                        {product} {ergonomic}
   size_t InitialHeapSize                          = 536870912                                 {product} {ergonomic}
   size_t MarkStackSize                            = 4194304                                   {product} {ergonomic}
   size_t MaxHeapSize                              = 8573157376                                {product} {ergonomic}
   size_t MaxNewSize                               = 5142216704                                {product} {ergonomic}
   size_t MinHeapDeltaBytes                        = 4194304                                   {product} {ergonomic}
   size_t MinHeapSize                              = 8388608                                   {product} {ergonomic}
    uintx NonNMethodCodeHeapSize                   = 7602480                                {pd product} {ergonomic}
    uintx NonProfiledCodeHeapSize                  = 122027880                              {pd product} {ergonomic}
    uintx ProfiledCodeHeapSize                     = 122027880                              {pd product} {ergonomic}
    uintx ReservedCodeCacheSize                    = 251658240                              {pd product} {ergonomic}
     bool SegmentedCodeCache                       = true                                      {product} {ergonomic}
   size_t SoftMaxHeapSize                          = 8573157376                             {manageable} {ergonomic}
     bool UseCompressedClassPointers               = true                                 {lp64_product} {ergonomic}
     bool UseCompressedOops                        = true                                 {lp64_product} {ergonomic}
     bool UseG1GC                                  = true                                      {product} {ergonomic}
     bool UseLargePagesIndividualAllocation        = false                                  {pd product} {ergonomic}

Logging:
Log output configuration:
 #0: stdout all=warning uptime,level,tags
 #1: stderr all=off uptime,level,tags

Environment Variables:
JAVA_HOME=C:\Program Files\AdoptOpenJDK\jre-8.0.275.1-hotspot\
PATH=C:\Program Files (x86)\Common Files\Oracle\Java\javapath;C:\Program Files\AdoptOpenJDK\jre-8.0.275.1-hotspot\bin;C:\Program Files\AdoptOpenJDK\jre-11.0.9.11-hotspot\bin;C:\Program Files (x86)\AdoptOpenJDK\jre-8.0.275.01-hotspot\bin;C:\Windows\system32;C:\Windows;C:\Windows\System32\Wbem;C:\Windows\System32\WindowsPowerShell\v1.0\;C:\Windows\System32\OpenSSH\;C:\Program Files\Microsoft VS Code\bin;C:\Program Files\NVIDIA Corporation\NVIDIA NvDLISR;C:\Program Files (x86)\NVIDIA Corporation\PhysX\Common;C:\Program Files\Git\cmd;C:\Program Files\PuTTY\;C:\Users\yorbe\AppData\Local\Microsoft\WindowsApps;C:\Users\yorbe\AppData\Local\GitHubDesktop\bin
USERNAME=yorbe
OS=Windows_NT
PROCESSOR_IDENTIFIER=Intel64 Family 6 Model 158 Stepping 13, GenuineIntel



---------------  S Y S T E M  ---------------

OS:
 Windows 10 , 64 bit Build 19041 (10.0.19041.804)
OS uptime: 28 days 1:01 hours

CPU: total 16 (initial active 16) (8 cores per cpu, 2 threads per core) family 6 model 158 stepping 13 microcode 0xc6, cmov, cx8, fxsr, mmx, sse, sse2, sse3, ssse3, sse4.1, sse4.2, popcnt, vzeroupper, avx, avx2, aes, clmul, erms, 3dnowpref, lzcnt, ht, tsc, tscinvbit, bmi1, bmi2, adx, fma, clflush, clflushopt

Memory: 4k page, system-wide physical 32699M (16271M free)
TotalPageFile size 41403M (AvailPageFile size 17682M)
current process WorkingSet (physical memory assigned to process): 133M, peak: 133M
current process commit charge ("private bytes"): 740M, peak: 741M

vm_info: OpenJDK 64-Bit Server VM (15.0.2+7-27) for windows-amd64 JRE (15.0.2+7-27), built on Dec  7 2020 20:02:38 by "mach5one" with unknown MS VC++:1925

END.
